This is pdfTeX, Version 3.141592653-2.6-1.40.23 (TeX Live 2021) (preloaded format=pdflatex 2022.1.6)  17 FEB 2026 00:05
entering extended mode
 restricted \write18 enabled.
 %&-line parsing enabled.
**slides.tex
(./slides.tex
LaTeX2e <2021-11-15> patch level 1
L3 programming layer <2021-11-22>
(/usr/local/texlive/2021/texmf-dist/tex/latex/beamer/beamer.cls
Document Class: beamer 2021/10/18 v3.64 A class for typesetting presentations
(/usr/local/texlive/2021/texmf-dist/tex/latex/beamer/beamerbasemodes.sty
(/usr/local/texlive/2021/texmf-dist/tex/latex/etoolbox/etoolbox.sty
Package: etoolbox 2020/10/05 v2.5k e-TeX tools for LaTeX (JAW)
\etb@tempcnta=\count183
)
\beamer@tempbox=\box50
\beamer@tempcount=\count184
\c@beamerpauses=\count185

(/usr/local/texlive/2021/texmf-dist/tex/latex/beamer/beamerbasedecode.sty
\beamer@slideinframe=\count186
\beamer@minimum=\count187
\beamer@decode@box=\box51
)
\beamer@commentbox=\box52
\beamer@modecount=\count188
)
(/usr/local/texlive/2021/texmf-dist/tex/generic/iftex/ifpdf.sty
Package: ifpdf 2019/10/25 v3.4 ifpdf legacy package. Use iftex instead.

(/usr/local/texlive/2021/texmf-dist/tex/generic/iftex/iftex.sty
Package: iftex 2020/03/06 v1.0d TeX engine tests
))
\headdp=\dimen138
\footheight=\dimen139
\sidebarheight=\dimen140
\beamer@tempdim=\dimen141
\beamer@finalheight=\dimen142
\beamer@animht=\dimen143
\beamer@animdp=\dimen144
\beamer@animwd=\dimen145
\beamer@leftmargin=\dimen146
\beamer@rightmargin=\dimen147
\beamer@leftsidebar=\dimen148
\beamer@rightsidebar=\dimen149
\beamer@boxsize=\dimen150
\beamer@vboxoffset=\dimen151
\beamer@descdefault=\dimen152
\beamer@descriptionwidth=\dimen153
\beamer@lastskip=\skip47
\beamer@areabox=\box53
\beamer@animcurrent=\box54
\beamer@animshowbox=\box55
\beamer@sectionbox=\box56
\beamer@logobox=\box57
\beamer@linebox=\box58
\beamer@sectioncount=\count189
\beamer@subsubsectionmax=\count190
\beamer@subsectionmax=\count191
\beamer@sectionmax=\count192
\beamer@totalheads=\count193
\beamer@headcounter=\count194
\beamer@partstartpage=\count195
\beamer@sectionstartpage=\count196
\beamer@subsectionstartpage=\count197
\beamer@animationtempa=\count198
\beamer@animationtempb=\count199
\beamer@xpos=\count266
\beamer@ypos=\count267
\beamer@ypos@offset=\count268
\beamer@showpartnumber=\count269
\beamer@currentsubsection=\count270
\beamer@coveringdepth=\count271
\beamer@sectionadjust=\count272
\beamer@toclastsection=\count273
\beamer@tocsectionnumber=\count274

(/usr/local/texlive/2021/texmf-dist/tex/latex/beamer/beamerbaseoptions.sty
(/usr/local/texlive/2021/texmf-dist/tex/latex/graphics/keyval.sty
Package: keyval 2014/10/28 v1.15 key=value parser (DPC)
\KV@toks@=\toks16
))
\beamer@paperwidth=\skip48
\beamer@paperheight=\skip49

(/usr/local/texlive/2021/texmf-dist/tex/latex/geometry/geometry.sty
Package: geometry 2020/01/02 v5.9 Page Geometry

(/usr/local/texlive/2021/texmf-dist/tex/generic/iftex/ifvtex.sty
Package: ifvtex 2019/10/25 v1.7 ifvtex legacy package. Use iftex instead.
)
\Gm@cnth=\count275
\Gm@cntv=\count276
\c@Gm@tempcnt=\count277
\Gm@bindingoffset=\dimen154
\Gm@wd@mp=\dimen155
\Gm@odd@mp=\dimen156
\Gm@even@mp=\dimen157
\Gm@layoutwidth=\dimen158
\Gm@layoutheight=\dimen159
\Gm@layouthoffset=\dimen160
\Gm@layoutvoffset=\dimen161
\Gm@dimlist=\toks17
)
(/usr/local/texlive/2021/texmf-dist/tex/latex/base/size11.clo
File: size11.clo 2021/10/04 v1.4n Standard LaTeX file (size option)
)
(/usr/local/texlive/2021/texmf-dist/tex/latex/pgf/basiclayer/pgfcore.sty
(/usr/local/texlive/2021/texmf-dist/tex/latex/graphics/graphicx.sty
Package: graphicx 2021/09/16 v1.2d Enhanced LaTeX Graphics (DPC,SPQR)

(/usr/local/texlive/2021/texmf-dist/tex/latex/graphics/graphics.sty
Package: graphics 2021/03/04 v1.4d Standard LaTeX Graphics (DPC,SPQR)

(/usr/local/texlive/2021/texmf-dist/tex/latex/graphics/trig.sty
Package: trig 2021/08/11 v1.11 sin cos tan (DPC)
)
(/usr/local/texlive/2021/texmf-dist/tex/latex/graphics-cfg/graphics.cfg
File: graphics.cfg 2016/06/04 v1.11 sample graphics configuration
)
Package graphics Info: Driver file: pdftex.def on input line 107.

(/usr/local/texlive/2021/texmf-dist/tex/latex/graphics-def/pdftex.def
File: pdftex.def 2020/10/05 v1.2a Graphics/color driver for pdftex
))
\Gin@req@height=\dimen162
\Gin@req@width=\dimen163
)
(/usr/local/texlive/2021/texmf-dist/tex/latex/pgf/systemlayer/pgfsys.sty
(/usr/local/texlive/2021/texmf-dist/tex/latex/pgf/utilities/pgfrcs.sty
(/usr/local/texlive/2021/texmf-dist/tex/generic/pgf/utilities/pgfutil-common.te
x
\pgfutil@everybye=\toks18
\pgfutil@tempdima=\dimen164
\pgfutil@tempdimb=\dimen165

(/usr/local/texlive/2021/texmf-dist/tex/generic/pgf/utilities/pgfutil-common-li
sts.tex))
(/usr/local/texlive/2021/texmf-dist/tex/generic/pgf/utilities/pgfutil-latex.def
\pgfutil@abb=\box59
) (/usr/local/texlive/2021/texmf-dist/tex/generic/pgf/utilities/pgfrcs.code.tex
(/usr/local/texlive/2021/texmf-dist/tex/generic/pgf/pgf.revision.tex)
Package: pgfrcs 2021/05/15 v3.1.9a (3.1.9a)
))
(/usr/local/texlive/2021/texmf-dist/tex/generic/pgf/systemlayer/pgfsys.code.tex
Package: pgfsys 2021/05/15 v3.1.9a (3.1.9a)
(/usr/local/texlive/2021/texmf-dist/tex/generic/pgf/utilities/pgfkeys.code.tex
\pgfkeys@pathtoks=\toks19
\pgfkeys@temptoks=\toks20

(/usr/local/texlive/2021/texmf-dist/tex/generic/pgf/utilities/pgfkeysfiltered.c
ode.tex
\pgfkeys@tmptoks=\toks21
))
\pgf@x=\dimen166
\pgf@y=\dimen167
\pgf@xa=\dimen168
\pgf@ya=\dimen169
\pgf@xb=\dimen170
\pgf@yb=\dimen171
\pgf@xc=\dimen172
\pgf@yc=\dimen173
\pgf@xd=\dimen174
\pgf@yd=\dimen175
\w@pgf@writea=\write3
\r@pgf@reada=\read2
\c@pgf@counta=\count278
\c@pgf@countb=\count279
\c@pgf@countc=\count280
\c@pgf@countd=\count281
\t@pgf@toka=\toks22
\t@pgf@tokb=\toks23
\t@pgf@tokc=\toks24
\pgf@sys@id@count=\count282

(/usr/local/texlive/2021/texmf-dist/tex/generic/pgf/systemlayer/pgf.cfg
File: pgf.cfg 2021/05/15 v3.1.9a (3.1.9a)
)
Driver file for pgf: pgfsys-pdftex.def

(/usr/local/texlive/2021/texmf-dist/tex/generic/pgf/systemlayer/pgfsys-pdftex.d
ef
File: pgfsys-pdftex.def 2021/05/15 v3.1.9a (3.1.9a)

(/usr/local/texlive/2021/texmf-dist/tex/generic/pgf/systemlayer/pgfsys-common-p
df.def
File: pgfsys-common-pdf.def 2021/05/15 v3.1.9a (3.1.9a)
)))
(/usr/local/texlive/2021/texmf-dist/tex/generic/pgf/systemlayer/pgfsyssoftpath.
code.tex
File: pgfsyssoftpath.code.tex 2021/05/15 v3.1.9a (3.1.9a)
\pgfsyssoftpath@smallbuffer@items=\count283
\pgfsyssoftpath@bigbuffer@items=\count284
)
(/usr/local/texlive/2021/texmf-dist/tex/generic/pgf/systemlayer/pgfsysprotocol.
code.tex
File: pgfsysprotocol.code.tex 2021/05/15 v3.1.9a (3.1.9a)
)) (/usr/local/texlive/2021/texmf-dist/tex/latex/xcolor/xcolor.sty
Package: xcolor 2021/10/31 v2.13 LaTeX color extensions (UK)

(/usr/local/texlive/2021/texmf-dist/tex/latex/graphics-cfg/color.cfg
File: color.cfg 2016/01/02 v1.6 sample color configuration
)
Package xcolor Info: Driver file: pdftex.def on input line 227.
Package xcolor Info: Model `cmy' substituted by `cmy0' on input line 1352.
Package xcolor Info: Model `hsb' substituted by `rgb' on input line 1356.
Package xcolor Info: Model `RGB' extended on input line 1368.
Package xcolor Info: Model `HTML' substituted by `rgb' on input line 1370.
Package xcolor Info: Model `Hsb' substituted by `hsb' on input line 1371.
Package xcolor Info: Model `tHsb' substituted by `hsb' on input line 1372.
Package xcolor Info: Model `HSB' substituted by `hsb' on input line 1373.
Package xcolor Info: Model `Gray' substituted by `gray' on input line 1374.
Package xcolor Info: Model `wave' substituted by `hsb' on input line 1375.
)
(/usr/local/texlive/2021/texmf-dist/tex/generic/pgf/basiclayer/pgfcore.code.tex
Package: pgfcore 2021/05/15 v3.1.9a (3.1.9a)
(/usr/local/texlive/2021/texmf-dist/tex/generic/pgf/math/pgfmath.code.tex
(/usr/local/texlive/2021/texmf-dist/tex/generic/pgf/math/pgfmathcalc.code.tex
(/usr/local/texlive/2021/texmf-dist/tex/generic/pgf/math/pgfmathutil.code.tex)
(/usr/local/texlive/2021/texmf-dist/tex/generic/pgf/math/pgfmathparser.code.tex
\pgfmath@dimen=\dimen176
\pgfmath@count=\count285
\pgfmath@box=\box60
\pgfmath@toks=\toks25
\pgfmath@stack@operand=\toks26
\pgfmath@stack@operation=\toks27
)
(/usr/local/texlive/2021/texmf-dist/tex/generic/pgf/math/pgfmathfunctions.code.
tex
(/usr/local/texlive/2021/texmf-dist/tex/generic/pgf/math/pgfmathfunctions.basic
.code.tex)
(/usr/local/texlive/2021/texmf-dist/tex/generic/pgf/math/pgfmathfunctions.trigo
nometric.code.tex)
(/usr/local/texlive/2021/texmf-dist/tex/generic/pgf/math/pgfmathfunctions.rando
m.code.tex)
(/usr/local/texlive/2021/texmf-dist/tex/generic/pgf/math/pgfmathfunctions.compa
rison.code.tex)
(/usr/local/texlive/2021/texmf-dist/tex/generic/pgf/math/pgfmathfunctions.base.
code.tex)
(/usr/local/texlive/2021/texmf-dist/tex/generic/pgf/math/pgfmathfunctions.round
.code.tex)
(/usr/local/texlive/2021/texmf-dist/tex/generic/pgf/math/pgfmathfunctions.misc.
code.tex)
(/usr/local/texlive/2021/texmf-dist/tex/generic/pgf/math/pgfmathfunctions.integ
erarithmetics.code.tex)))
(/usr/local/texlive/2021/texmf-dist/tex/generic/pgf/math/pgfmathfloat.code.tex
\c@pgfmathroundto@lastzeros=\count286
)) (/usr/local/texlive/2021/texmf-dist/tex/generic/pgf/math/pgfint.code.tex)
(/usr/local/texlive/2021/texmf-dist/tex/generic/pgf/basiclayer/pgfcorepoints.co
de.tex
File: pgfcorepoints.code.tex 2021/05/15 v3.1.9a (3.1.9a)
\pgf@picminx=\dimen177
\pgf@picmaxx=\dimen178
\pgf@picminy=\dimen179
\pgf@picmaxy=\dimen180
\pgf@pathminx=\dimen181
\pgf@pathmaxx=\dimen182
\pgf@pathminy=\dimen183
\pgf@pathmaxy=\dimen184
\pgf@xx=\dimen185
\pgf@xy=\dimen186
\pgf@yx=\dimen187
\pgf@yy=\dimen188
\pgf@zx=\dimen189
\pgf@zy=\dimen190
)
(/usr/local/texlive/2021/texmf-dist/tex/generic/pgf/basiclayer/pgfcorepathconst
ruct.code.tex
File: pgfcorepathconstruct.code.tex 2021/05/15 v3.1.9a (3.1.9a)
\pgf@path@lastx=\dimen191
\pgf@path@lasty=\dimen192
)
(/usr/local/texlive/2021/texmf-dist/tex/generic/pgf/basiclayer/pgfcorepathusage
.code.tex
File: pgfcorepathusage.code.tex 2021/05/15 v3.1.9a (3.1.9a)
\pgf@shorten@end@additional=\dimen193
\pgf@shorten@start@additional=\dimen194
)
(/usr/local/texlive/2021/texmf-dist/tex/generic/pgf/basiclayer/pgfcorescopes.co
de.tex
File: pgfcorescopes.code.tex 2021/05/15 v3.1.9a (3.1.9a)
\pgfpic=\box61
\pgf@hbox=\box62
\pgf@layerbox@main=\box63
\pgf@picture@serial@count=\count287
)
(/usr/local/texlive/2021/texmf-dist/tex/generic/pgf/basiclayer/pgfcoregraphicst
ate.code.tex
File: pgfcoregraphicstate.code.tex 2021/05/15 v3.1.9a (3.1.9a)
\pgflinewidth=\dimen195
)
(/usr/local/texlive/2021/texmf-dist/tex/generic/pgf/basiclayer/pgfcoretransform
ations.code.tex
File: pgfcoretransformations.code.tex 2021/05/15 v3.1.9a (3.1.9a)
\pgf@pt@x=\dimen196
\pgf@pt@y=\dimen197
\pgf@pt@temp=\dimen198
)
(/usr/local/texlive/2021/texmf-dist/tex/generic/pgf/basiclayer/pgfcorequick.cod
e.tex
File: pgfcorequick.code.tex 2021/05/15 v3.1.9a (3.1.9a)
)
(/usr/local/texlive/2021/texmf-dist/tex/generic/pgf/basiclayer/pgfcoreobjects.c
ode.tex
File: pgfcoreobjects.code.tex 2021/05/15 v3.1.9a (3.1.9a)
)
(/usr/local/texlive/2021/texmf-dist/tex/generic/pgf/basiclayer/pgfcorepathproce
ssing.code.tex
File: pgfcorepathprocessing.code.tex 2021/05/15 v3.1.9a (3.1.9a)
)
(/usr/local/texlive/2021/texmf-dist/tex/generic/pgf/basiclayer/pgfcorearrows.co
de.tex
File: pgfcorearrows.code.tex 2021/05/15 v3.1.9a (3.1.9a)
\pgfarrowsep=\dimen199
)
(/usr/local/texlive/2021/texmf-dist/tex/generic/pgf/basiclayer/pgfcoreshade.cod
e.tex
File: pgfcoreshade.code.tex 2021/05/15 v3.1.9a (3.1.9a)
\pgf@max=\dimen256
\pgf@sys@shading@range@num=\count288
\pgf@shadingcount=\count289
)
(/usr/local/texlive/2021/texmf-dist/tex/generic/pgf/basiclayer/pgfcoreimage.cod
e.tex
File: pgfcoreimage.code.tex 2021/05/15 v3.1.9a (3.1.9a)

(/usr/local/texlive/2021/texmf-dist/tex/generic/pgf/basiclayer/pgfcoreexternal.
code.tex
File: pgfcoreexternal.code.tex 2021/05/15 v3.1.9a (3.1.9a)
\pgfexternal@startupbox=\box64
))
(/usr/local/texlive/2021/texmf-dist/tex/generic/pgf/basiclayer/pgfcorelayers.co
de.tex
File: pgfcorelayers.code.tex 2021/05/15 v3.1.9a (3.1.9a)
)
(/usr/local/texlive/2021/texmf-dist/tex/generic/pgf/basiclayer/pgfcoretranspare
ncy.code.tex
File: pgfcoretransparency.code.tex 2021/05/15 v3.1.9a (3.1.9a)
)
(/usr/local/texlive/2021/texmf-dist/tex/generic/pgf/basiclayer/pgfcorepatterns.
code.tex
File: pgfcorepatterns.code.tex 2021/05/15 v3.1.9a (3.1.9a)
)
(/usr/local/texlive/2021/texmf-dist/tex/generic/pgf/basiclayer/pgfcorerdf.code.
tex
File: pgfcorerdf.code.tex 2021/05/15 v3.1.9a (3.1.9a)
))) (/usr/local/texlive/2021/texmf-dist/tex/latex/pgf/utilities/xxcolor.sty
Package: xxcolor 2003/10/24 ver 0.1
\XC@nummixins=\count290
\XC@countmixins=\count291
) (/usr/local/texlive/2021/texmf-dist/tex/latex/base/atbegshi-ltx.sty
Package: atbegshi-ltx 2021/01/10 v1.0c Emulation of the original atbegshi
package with kernel methods
)
(/usr/local/texlive/2021/texmf-dist/tex/latex/hyperref/hyperref.sty
Package: hyperref 2021-06-07 v7.00m Hypertext links for LaTeX

(/usr/local/texlive/2021/texmf-dist/tex/generic/ltxcmds/ltxcmds.sty
Package: ltxcmds 2020-05-10 v1.25 LaTeX kernel commands for general use (HO)
)
(/usr/local/texlive/2021/texmf-dist/tex/generic/pdftexcmds/pdftexcmds.sty
Package: pdftexcmds 2020-06-27 v0.33 Utility functions of pdfTeX for LuaTeX (HO
)

(/usr/local/texlive/2021/texmf-dist/tex/generic/infwarerr/infwarerr.sty
Package: infwarerr 2019/12/03 v1.5 Providing info/warning/error messages (HO)
)
Package pdftexcmds Info: \pdf@primitive is available.
Package pdftexcmds Info: \pdf@ifprimitive is available.
Package pdftexcmds Info: \pdfdraftmode found.
)
(/usr/local/texlive/2021/texmf-dist/tex/generic/kvsetkeys/kvsetkeys.sty
Package: kvsetkeys 2019/12/15 v1.18 Key value parser (HO)
)
(/usr/local/texlive/2021/texmf-dist/tex/generic/kvdefinekeys/kvdefinekeys.sty
Package: kvdefinekeys 2019-12-19 v1.6 Define keys (HO)
)
(/usr/local/texlive/2021/texmf-dist/tex/generic/pdfescape/pdfescape.sty
Package: pdfescape 2019/12/09 v1.15 Implements pdfTeX's escape features (HO)
)
(/usr/local/texlive/2021/texmf-dist/tex/latex/hycolor/hycolor.sty
Package: hycolor 2020-01-27 v1.10 Color options for hyperref/bookmark (HO)
)
(/usr/local/texlive/2021/texmf-dist/tex/latex/letltxmacro/letltxmacro.sty
Package: letltxmacro 2019/12/03 v1.6 Let assignment for LaTeX macros (HO)
)
(/usr/local/texlive/2021/texmf-dist/tex/latex/auxhook/auxhook.sty
Package: auxhook 2019-12-17 v1.6 Hooks for auxiliary files (HO)
)
(/usr/local/texlive/2021/texmf-dist/tex/latex/kvoptions/kvoptions.sty
Package: kvoptions 2020-10-07 v3.14 Key value format for package options (HO)
)
\@linkdim=\dimen257
\Hy@linkcounter=\count292
\Hy@pagecounter=\count293

(/usr/local/texlive/2021/texmf-dist/tex/latex/hyperref/pd1enc.def
File: pd1enc.def 2021-06-07 v7.00m Hyperref: PDFDocEncoding definition (HO)
Now handling font encoding PD1 ...
... no UTF-8 mapping file for font encoding PD1
)
(/usr/local/texlive/2021/texmf-dist/tex/latex/hyperref/hyperref-langpatches.def
File: hyperref-langpatches.def 2021-06-07 v7.00m Hyperref: patches for babel la
nguages
) (/usr/local/texlive/2021/texmf-dist/tex/generic/intcalc/intcalc.sty
Package: intcalc 2019/12/15 v1.3 Expandable calculations with integers (HO)
)
(/usr/local/texlive/2021/texmf-dist/tex/generic/etexcmds/etexcmds.sty
Package: etexcmds 2019/12/15 v1.7 Avoid name clashes with e-TeX commands (HO)
)
\Hy@SavedSpaceFactor=\count294

(/usr/local/texlive/2021/texmf-dist/tex/latex/hyperref/puenc.def
File: puenc.def 2021-06-07 v7.00m Hyperref: PDF Unicode definition (HO)
Now handling font encoding PU ...
... no UTF-8 mapping file for font encoding PU
)
Package hyperref Info: Option `bookmarks' set `true' on input line 4073.
Package hyperref Info: Option `bookmarksopen' set `true' on input line 4073.
Package hyperref Info: Option `implicit' set `false' on input line 4073.
Package hyperref Info: Hyper figures OFF on input line 4192.
Package hyperref Info: Link nesting OFF on input line 4197.
Package hyperref Info: Hyper index ON on input line 4200.
Package hyperref Info: Plain pages OFF on input line 4207.
Package hyperref Info: Backreferencing OFF on input line 4212.
Package hyperref Info: Implicit mode OFF; no redefinition of LaTeX internals.
Package hyperref Info: Bookmarks ON on input line 4445.
\c@Hy@tempcnt=\count295

(/usr/local/texlive/2021/texmf-dist/tex/latex/url/url.sty
\Urlmuskip=\muskip16
Package: url 2013/09/16  ver 3.4  Verb mode for urls, etc.
)
LaTeX Info: Redefining \url on input line 4804.
\XeTeXLinkMargin=\dimen258

(/usr/local/texlive/2021/texmf-dist/tex/generic/bitset/bitset.sty
Package: bitset 2019/12/09 v1.3 Handle bit-vector datatype (HO)

(/usr/local/texlive/2021/texmf-dist/tex/generic/bigintcalc/bigintcalc.sty
Package: bigintcalc 2019/12/15 v1.5 Expandable calculations on big integers (HO
)
))
\Fld@menulength=\count296
\Field@Width=\dimen259
\Fld@charsize=\dimen260
Package hyperref Info: Hyper figures OFF on input line 6076.
Package hyperref Info: Link nesting OFF on input line 6081.
Package hyperref Info: Hyper index ON on input line 6084.
Package hyperref Info: backreferencing OFF on input line 6091.
Package hyperref Info: Link coloring OFF on input line 6096.
Package hyperref Info: Link coloring with OCG OFF on input line 6101.
Package hyperref Info: PDF/A mode OFF on input line 6106.
LaTeX Info: Redefining \ref on input line 6146.
LaTeX Info: Redefining \pageref on input line 6150.
\Hy@abspage=\count297


Package hyperref Message: Stopped early.

)
Package hyperref Info: Driver (autodetected): hpdftex.
 (/usr/local/texlive/2021/texmf-dist/tex/latex/hyperref/hpdftex.def
File: hpdftex.def 2021-06-07 v7.00m Hyperref driver for pdfTeX

(/usr/local/texlive/2021/texmf-dist/tex/latex/base/atveryend-ltx.sty
Package: atveryend-ltx 2020/08/19 v1.0a Emulation of the original atveryend pac
kage
with kernel methods
)
\Fld@listcount=\count298
\c@bookmark@seq@number=\count299

(/usr/local/texlive/2021/texmf-dist/tex/latex/rerunfilecheck/rerunfilecheck.sty
Package: rerunfilecheck 2019/12/05 v1.9 Rerun checks for auxiliary files (HO)

(/usr/local/texlive/2021/texmf-dist/tex/generic/uniquecounter/uniquecounter.sty
Package: uniquecounter 2019/12/15 v1.4 Provide unlimited unique counter (HO)
)
Package uniquecounter Info: New unique counter `rerunfilecheck' on input line 2
86.
)) (/usr/local/texlive/2021/texmf-dist/tex/latex/beamer/beamerbaserequires.sty
(/usr/local/texlive/2021/texmf-dist/tex/latex/beamer/beamerbasecompatibility.st
y) (/usr/local/texlive/2021/texmf-dist/tex/latex/beamer/beamerbasefont.sty
(/usr/local/texlive/2021/texmf-dist/tex/latex/amsfonts/amssymb.sty
Package: amssymb 2013/01/14 v3.01 AMS font symbols

(/usr/local/texlive/2021/texmf-dist/tex/latex/amsfonts/amsfonts.sty
Package: amsfonts 2013/01/14 v3.01 Basic AMSFonts support
\@emptytoks=\toks28
\symAMSa=\mathgroup4
\symAMSb=\mathgroup5
LaTeX Font Info:    Redeclaring math symbol \hbar on input line 98.
LaTeX Font Info:    Overwriting math alphabet `\mathfrak' in version `bold'
(Font)                  U/euf/m/n --> U/euf/b/n on input line 106.
))
(/usr/local/texlive/2021/texmf-dist/tex/latex/sansmathaccent/sansmathaccent.sty
Package: sansmathaccent 2020/01/31
(/usr/local/texlive/2021/texmf-dist/tex/latex/koma-script/scrlfile.sty
Package: scrlfile 2021/11/13 v3.35 KOMA-Script package (file load hooks)

(/usr/local/texlive/2021/texmf-dist/tex/latex/koma-script/scrlfile-hook.sty
Package: scrlfile-hook 2021/11/13 v3.35 KOMA-Script package (using LaTeX hooks)


(/usr/local/texlive/2021/texmf-dist/tex/latex/koma-script/scrlogo.sty
Package: scrlogo 2021/11/13 v3.35 KOMA-Script package (logo)
)))))
(/usr/local/texlive/2021/texmf-dist/tex/latex/beamer/beamerbasetranslator.sty
(/usr/local/texlive/2021/texmf-dist/tex/latex/translator/translator.sty
Package: translator 2021-05-31 v1.12d Easy translation of strings in LaTeX
))
(/usr/local/texlive/2021/texmf-dist/tex/latex/beamer/beamerbasemisc.sty)
(/usr/local/texlive/2021/texmf-dist/tex/latex/beamer/beamerbasetwoscreens.sty)
(/usr/local/texlive/2021/texmf-dist/tex/latex/beamer/beamerbaseoverlay.sty
\beamer@argscount=\count300
\beamer@lastskipcover=\skip50
\beamer@trivlistdepth=\count301
)
(/usr/local/texlive/2021/texmf-dist/tex/latex/beamer/beamerbasetitle.sty)
(/usr/local/texlive/2021/texmf-dist/tex/latex/beamer/beamerbasesection.sty
\c@lecture=\count302
\c@part=\count303
\c@section=\count304
\c@subsection=\count305
\c@subsubsection=\count306
)
(/usr/local/texlive/2021/texmf-dist/tex/latex/beamer/beamerbaseframe.sty
\beamer@framebox=\box65
\beamer@frametitlebox=\box66
\beamer@zoombox=\box67
\beamer@zoomcount=\count307
\beamer@zoomframecount=\count308
\beamer@frametextheight=\dimen261
\c@subsectionslide=\count309
\beamer@frametopskip=\skip51
\beamer@framebottomskip=\skip52
\beamer@frametopskipautobreak=\skip53
\beamer@framebottomskipautobreak=\skip54
\beamer@envbody=\toks29
\framewidth=\dimen262
\c@framenumber=\count310
)
(/usr/local/texlive/2021/texmf-dist/tex/latex/beamer/beamerbaseverbatim.sty
\beamer@verbatimfileout=\write4
)
(/usr/local/texlive/2021/texmf-dist/tex/latex/beamer/beamerbaseframesize.sty
\beamer@splitbox=\box68
\beamer@autobreakcount=\count311
\beamer@autobreaklastheight=\dimen263
\beamer@frametitletoks=\toks30
\beamer@framesubtitletoks=\toks31
)
(/usr/local/texlive/2021/texmf-dist/tex/latex/beamer/beamerbaseframecomponents.
sty
\beamer@footins=\box69
) (/usr/local/texlive/2021/texmf-dist/tex/latex/beamer/beamerbasecolor.sty)
(/usr/local/texlive/2021/texmf-dist/tex/latex/beamer/beamerbasenotes.sty
\beamer@frameboxcopy=\box70
)
(/usr/local/texlive/2021/texmf-dist/tex/latex/beamer/beamerbasetoc.sty)
(/usr/local/texlive/2021/texmf-dist/tex/latex/beamer/beamerbasetemplates.sty
\beamer@sbttoks=\toks32

(/usr/local/texlive/2021/texmf-dist/tex/latex/beamer/beamerbaseauxtemplates.sty
(/usr/local/texlive/2021/texmf-dist/tex/latex/beamer/beamerbaseboxes.sty
\bmb@box=\box71
\bmb@colorbox=\box72
\bmb@boxwidth=\dimen264
\bmb@boxheight=\dimen265
\bmb@prevheight=\dimen266
\bmb@temp=\dimen267
\bmb@dima=\dimen268
\bmb@dimb=\dimen269
\bmb@prevheight=\dimen270
)
\beamer@blockheadheight=\dimen271
))
(/usr/local/texlive/2021/texmf-dist/tex/latex/beamer/beamerbaselocalstructure.s
ty (/usr/local/texlive/2021/texmf-dist/tex/latex/tools/enumerate.sty
Package: enumerate 2015/07/23 v3.00 enumerate extensions (DPC)
\@enLab=\toks33
)
\beamer@bibiconwidth=\skip55
\c@figure=\count312
\c@table=\count313
\abovecaptionskip=\skip56
\belowcaptionskip=\skip57
)
(/usr/local/texlive/2021/texmf-dist/tex/latex/beamer/beamerbasenavigation.sty
\beamer@section@min@dim=\dimen272
)
(/usr/local/texlive/2021/texmf-dist/tex/latex/beamer/beamerbasetheorems.sty
(/usr/local/texlive/2021/texmf-dist/tex/latex/amsmath/amsmath.sty
Package: amsmath 2021/10/15 v2.17l AMS math features
\@mathmargin=\skip58

For additional information on amsmath, use the `?' option.
(/usr/local/texlive/2021/texmf-dist/tex/latex/amsmath/amstext.sty
Package: amstext 2021/08/26 v2.01 AMS text

(/usr/local/texlive/2021/texmf-dist/tex/latex/amsmath/amsgen.sty
File: amsgen.sty 1999/11/30 v2.0 generic functions
\@emptytoks=\toks34
\ex@=\dimen273
))
(/usr/local/texlive/2021/texmf-dist/tex/latex/amsmath/amsbsy.sty
Package: amsbsy 1999/11/29 v1.2d Bold Symbols
\pmbraise@=\dimen274
)
(/usr/local/texlive/2021/texmf-dist/tex/latex/amsmath/amsopn.sty
Package: amsopn 2021/08/26 v2.02 operator names
)
\inf@bad=\count314
LaTeX Info: Redefining \frac on input line 234.
\uproot@=\count315
\leftroot@=\count316
LaTeX Info: Redefining \overline on input line 399.
\classnum@=\count317
\DOTSCASE@=\count318
LaTeX Info: Redefining \ldots on input line 496.
LaTeX Info: Redefining \dots on input line 499.
LaTeX Info: Redefining \cdots on input line 620.
\Mathstrutbox@=\box73
\strutbox@=\box74
\big@size=\dimen275
LaTeX Font Info:    Redeclaring font encoding OML on input line 743.
LaTeX Font Info:    Redeclaring font encoding OMS on input line 744.
\macc@depth=\count319
\c@MaxMatrixCols=\count320
\dotsspace@=\muskip17
\c@parentequation=\count321
\dspbrk@lvl=\count322
\tag@help=\toks35
\row@=\count323
\column@=\count324
\maxfields@=\count325
\andhelp@=\toks36
\eqnshift@=\dimen276
\alignsep@=\dimen277
\tagshift@=\dimen278
\tagwidth@=\dimen279
\totwidth@=\dimen280
\lineht@=\dimen281
\@envbody=\toks37
\multlinegap=\skip59
\multlinetaggap=\skip60
\mathdisplay@stack=\toks38
LaTeX Info: Redefining \[ on input line 2938.
LaTeX Info: Redefining \] on input line 2939.
)
(/usr/local/texlive/2021/texmf-dist/tex/latex/amscls/amsthm.sty
Package: amsthm 2020/05/29 v2.20.6
\thm@style=\toks39
\thm@bodyfont=\toks40
\thm@headfont=\toks41
\thm@notefont=\toks42
\thm@headpunct=\toks43
\thm@preskip=\skip61
\thm@postskip=\skip62
\thm@headsep=\skip63
\dth@everypar=\toks44
)
\c@theorem=\count326
)
(/usr/local/texlive/2021/texmf-dist/tex/latex/beamer/beamerbasethemes.sty))
(/usr/local/texlive/2021/texmf-dist/tex/latex/beamer/beamerthemedefault.sty
(/usr/local/texlive/2021/texmf-dist/tex/latex/beamer/beamerfontthemedefault.sty
)
(/usr/local/texlive/2021/texmf-dist/tex/latex/beamer/beamercolorthemedefault.st
y)
(/usr/local/texlive/2021/texmf-dist/tex/latex/beamer/beamerinnerthemedefault.st
y
\beamer@dima=\dimen282
\beamer@dimb=\dimen283
)
(/usr/local/texlive/2021/texmf-dist/tex/latex/beamer/beamerouterthemedefault.st
y))) (./beamerthemelastig.sty
(/usr/local/texlive/2021/texmf-dist/tex/latex/base/inputenc.sty
Package: inputenc 2021/02/14 v1.3d Input encoding file
\inpenc@prehook=\toks45
\inpenc@posthook=\toks46
)
(/usr/local/texlive/2021/texmf-dist/tex/latex/pgf/frontendlayer/tikz.sty
(/usr/local/texlive/2021/texmf-dist/tex/latex/pgf/basiclayer/pgf.sty
Package: pgf 2021/05/15 v3.1.9a (3.1.9a)

(/usr/local/texlive/2021/texmf-dist/tex/generic/pgf/modules/pgfmoduleshapes.cod
e.tex
File: pgfmoduleshapes.code.tex 2021/05/15 v3.1.9a (3.1.9a)
\pgfnodeparttextbox=\box75
)
(/usr/local/texlive/2021/texmf-dist/tex/generic/pgf/modules/pgfmoduleplot.code.
tex
File: pgfmoduleplot.code.tex 2021/05/15 v3.1.9a (3.1.9a)
)
(/usr/local/texlive/2021/texmf-dist/tex/latex/pgf/compatibility/pgfcomp-version
-0-65.sty
Package: pgfcomp-version-0-65 2021/05/15 v3.1.9a (3.1.9a)
\pgf@nodesepstart=\dimen284
\pgf@nodesepend=\dimen285
)
(/usr/local/texlive/2021/texmf-dist/tex/latex/pgf/compatibility/pgfcomp-version
-1-18.sty
Package: pgfcomp-version-1-18 2021/05/15 v3.1.9a (3.1.9a)
))
(/usr/local/texlive/2021/texmf-dist/tex/latex/pgf/utilities/pgffor.sty
(/usr/local/texlive/2021/texmf-dist/tex/latex/pgf/utilities/pgfkeys.sty
(/usr/local/texlive/2021/texmf-dist/tex/generic/pgf/utilities/pgfkeys.code.tex)
) (/usr/local/texlive/2021/texmf-dist/tex/latex/pgf/math/pgfmath.sty
(/usr/local/texlive/2021/texmf-dist/tex/generic/pgf/math/pgfmath.code.tex))
(/usr/local/texlive/2021/texmf-dist/tex/generic/pgf/utilities/pgffor.code.tex
Package: pgffor 2021/05/15 v3.1.9a (3.1.9a)

(/usr/local/texlive/2021/texmf-dist/tex/generic/pgf/math/pgfmath.code.tex)
\pgffor@iter=\dimen286
\pgffor@skip=\dimen287
\pgffor@stack=\toks47
\pgffor@toks=\toks48
))
(/usr/local/texlive/2021/texmf-dist/tex/generic/pgf/frontendlayer/tikz/tikz.cod
e.tex
Package: tikz 2021/05/15 v3.1.9a (3.1.9a)

(/usr/local/texlive/2021/texmf-dist/tex/generic/pgf/libraries/pgflibraryplothan
dlers.code.tex
File: pgflibraryplothandlers.code.tex 2021/05/15 v3.1.9a (3.1.9a)
\pgf@plot@mark@count=\count327
\pgfplotmarksize=\dimen288
)
\tikz@lastx=\dimen289
\tikz@lasty=\dimen290
\tikz@lastxsaved=\dimen291
\tikz@lastysaved=\dimen292
\tikz@lastmovetox=\dimen293
\tikz@lastmovetoy=\dimen294
\tikzleveldistance=\dimen295
\tikzsiblingdistance=\dimen296
\tikz@figbox=\box76
\tikz@figbox@bg=\box77
\tikz@tempbox=\box78
\tikz@tempbox@bg=\box79
\tikztreelevel=\count328
\tikznumberofchildren=\count329
\tikznumberofcurrentchild=\count330
\tikz@fig@count=\count331

(/usr/local/texlive/2021/texmf-dist/tex/generic/pgf/modules/pgfmodulematrix.cod
e.tex
File: pgfmodulematrix.code.tex 2021/05/15 v3.1.9a (3.1.9a)
\pgfmatrixcurrentrow=\count332
\pgfmatrixcurrentcolumn=\count333
\pgf@matrix@numberofcolumns=\count334
)
\tikz@expandcount=\count335

(/usr/local/texlive/2021/texmf-dist/tex/generic/pgf/frontendlayer/tikz/librarie
s/tikzlibrarytopaths.code.tex
File: tikzlibrarytopaths.code.tex 2021/05/15 v3.1.9a (3.1.9a)
)))
(/usr/local/texlive/2021/texmf-dist/tex/latex/textpos/textpos.sty
Package: textpos 2020/09/26 v1.10

Package: textpos 2020/09/26 1.10, absolute positioning of text on the page
Package textpos Info: choosing support for LaTeX3 on input line 61.
\TP@textbox=\box80
\TPHorizModule=\dimen297
\TPVertModule=\dimen298
\TP@margin=\dimen299
\TP@absmargin=\dimen300
Grid set 16 x 16 = 28.45274pt x 16.00467pt
\TPboxrulesize=\dimen301
\TP@tbargs=\toks49
) (/usr/local/texlive/2021/texmf-dist/tex/latex/booktabs/booktabs.sty
Package: booktabs 2020/01/12 v1.61803398 Publication quality tables
\heavyrulewidth=\dimen302
\lightrulewidth=\dimen303
\cmidrulewidth=\dimen304
\belowrulesep=\dimen305
\belowbottomsep=\dimen306
\aboverulesep=\dimen307
\abovetopsep=\dimen308
\cmidrulesep=\dimen309
\cmidrulekern=\dimen310
\defaultaddspace=\dimen311
\@cmidla=\count336
\@cmidlb=\count337
\@aboverulesep=\dimen312
\@belowrulesep=\dimen313
\@thisruleclass=\count338
\@lastruleclass=\count339
\@thisrulewidth=\dimen314
)
(./beamercolorthemelastig.sty) (./beamerfontthemelastig.sty
(/usr/local/texlive/2021/texmf-dist/tex/latex/base/fontenc.sty
Package: fontenc 2021/04/29 v2.0v Standard LaTeX package
)
(/usr/local/texlive/2021/texmf-dist/tex/latex/lm/lmodern.sty
Package: lmodern 2015/05/01 v1.6.1 Latin Modern Fonts
LaTeX Font Info:    Overwriting symbol font `operators' in version `normal'
(Font)                  OT1/cmr/m/n --> OT1/lmr/m/n on input line 22.
LaTeX Font Info:    Overwriting symbol font `letters' in version `normal'
(Font)                  OML/cmm/m/it --> OML/lmm/m/it on input line 23.
LaTeX Font Info:    Overwriting symbol font `symbols' in version `normal'
(Font)                  OMS/cmsy/m/n --> OMS/lmsy/m/n on input line 24.
LaTeX Font Info:    Overwriting symbol font `largesymbols' in version `normal'
(Font)                  OMX/cmex/m/n --> OMX/lmex/m/n on input line 25.
LaTeX Font Info:    Overwriting symbol font `operators' in version `bold'
(Font)                  OT1/cmr/bx/n --> OT1/lmr/bx/n on input line 26.
LaTeX Font Info:    Overwriting symbol font `letters' in version `bold'
(Font)                  OML/cmm/b/it --> OML/lmm/b/it on input line 27.
LaTeX Font Info:    Overwriting symbol font `symbols' in version `bold'
(Font)                  OMS/cmsy/b/n --> OMS/lmsy/b/n on input line 28.
LaTeX Font Info:    Overwriting symbol font `largesymbols' in version `bold'
(Font)                  OMX/cmex/m/n --> OMX/lmex/m/n on input line 29.
LaTeX Font Info:    Overwriting math alphabet `\mathbf' in version `normal'
(Font)                  OT1/cmr/bx/n --> OT1/lmr/bx/n on input line 31.
LaTeX Font Info:    Overwriting math alphabet `\mathsf' in version `normal'
(Font)                  OT1/cmss/m/n --> OT1/lmss/m/n on input line 32.
LaTeX Font Info:    Overwriting math alphabet `\mathit' in version `normal'
(Font)                  OT1/cmr/m/it --> OT1/lmr/m/it on input line 33.
LaTeX Font Info:    Overwriting math alphabet `\mathtt' in version `normal'
(Font)                  OT1/cmtt/m/n --> OT1/lmtt/m/n on input line 34.
LaTeX Font Info:    Overwriting math alphabet `\mathbf' in version `bold'
(Font)                  OT1/cmr/bx/n --> OT1/lmr/bx/n on input line 35.
LaTeX Font Info:    Overwriting math alphabet `\mathsf' in version `bold'
(Font)                  OT1/cmss/bx/n --> OT1/lmss/bx/n on input line 36.
LaTeX Font Info:    Overwriting math alphabet `\mathit' in version `bold'
(Font)                  OT1/cmr/bx/it --> OT1/lmr/bx/it on input line 37.
LaTeX Font Info:    Overwriting math alphabet `\mathtt' in version `bold'
(Font)                  OT1/cmtt/m/n --> OT1/lmtt/m/n on input line 38.
)
(/usr/local/texlive/2021/texmf-dist/tex/latex/tex-gyre/tgheros.sty
Package: tgheros 2009/09/27 v1.2 TeX Gyre Heros as default sans serif family
)
(/usr/local/texlive/2021/texmf-dist/tex/latex/microtype/microtype.sty
Package: microtype 2021/12/10 v3.0b Micro-typographical refinements (RS)
\MT@toks=\toks50
\MT@count=\count340
\MT@tempbox=\box81
LaTeX Info: Redefining \leftprotrusion on input line 1010.
LaTeX Info: Redefining \rightprotrusion on input line 1018.
LaTeX Info: Redefining \textls on input line 1173.
\MT@outer@kern=\dimen315
LaTeX Info: Redefining \textmicrotypecontext on input line 1759.
\MT@listname@count=\count341

(/usr/local/texlive/2021/texmf-dist/tex/latex/microtype/microtype-pdftex.def
File: microtype-pdftex.def 2021/12/10 v3.0b Definitions specific to pdftex (RS)

LaTeX Info: Redefining \lsstyle on input line 897.
LaTeX Info: Redefining \lslig on input line 897.
\MT@outer@space=\skip64
)
Package microtype Info: Loading configuration file microtype.cfg.

(/usr/local/texlive/2021/texmf-dist/tex/latex/microtype/microtype.cfg
File: microtype.cfg 2021/12/10 v3.0b microtype main configuration file (RS)
))
(/usr/local/texlive/2021/texmf-dist/tex/latex/beamer/beamerfontthemeserif.sty)
(/usr/local/texlive/2021/texmf-dist/tex/latex/psnfss/helvet.sty
Package: helvet 2020/03/25 PSNFSS-v9.3 (WaS) 
))
(./beamerinnerthemelastig.sty
(/usr/local/texlive/2021/texmf-dist/tex/latex/fontawesome/fontawesome.sty
Package: fontawesome 2016/05/15 v4.6.3.1 font awesome icons

(/usr/local/texlive/2021/texmf-dist/tex/generic/iftex/ifxetex.sty
Package: ifxetex 2019/10/25 v0.7 ifxetex legacy package. Use iftex instead.
)
(/usr/local/texlive/2021/texmf-dist/tex/generic/iftex/ifluatex.sty
Package: ifluatex 2019/10/25 v1.5 ifluatex legacy package. Use iftex instead.
)
(/usr/local/texlive/2021/texmf-dist/tex/latex/fontawesome/fontawesomesymbols-ge
neric.tex)
(/usr/local/texlive/2021/texmf-dist/tex/latex/fontawesome/fontawesomesymbols-pd
ftex.tex))) (./beamerouterthemelastig.sty
\titleboxwidth=\skip65
)
(/usr/local/texlive/2021/texmf-dist/tex/latex/mathtools/mathtools.sty
Package: mathtools 2021/04/12 v1.27 mathematical typesetting tools

(/usr/local/texlive/2021/texmf-dist/tex/latex/tools/calc.sty
Package: calc 2017/05/25 v4.3 Infix arithmetic (KKT,FJ)
\calc@Acount=\count342
\calc@Bcount=\count343
\calc@Adimen=\dimen316
\calc@Bdimen=\dimen317
\calc@Askip=\skip66
\calc@Bskip=\skip67
LaTeX Info: Redefining \setlength on input line 80.
LaTeX Info: Redefining \addtolength on input line 81.
\calc@Ccount=\count344
\calc@Cskip=\skip68
)
(/usr/local/texlive/2021/texmf-dist/tex/latex/mathtools/mhsetup.sty
Package: mhsetup 2021/03/18 v1.4 programming setup (MH)
)
LaTeX Info: Thecontrolsequence`\('isalreadyrobust on input line 130.
LaTeX Info: Thecontrolsequence`\)'isalreadyrobust on input line 130.
LaTeX Info: Thecontrolsequence`\['isalreadyrobust on input line 130.
LaTeX Info: Thecontrolsequence`\]'isalreadyrobust on input line 130.
\g_MT_multlinerow_int=\count345
\l_MT_multwidth_dim=\dimen318
\origjot=\skip69
\l_MT_shortvdotswithinadjustabove_dim=\dimen319
\l_MT_shortvdotswithinadjustbelow_dim=\dimen320
\l_MT_above_intertext_sep=\dimen321
\l_MT_below_intertext_sep=\dimen322
\l_MT_above_shortintertext_sep=\dimen323
\l_MT_below_shortintertext_sep=\dimen324
\xmathstrut@box=\box82
\xmathstrut@dim=\dimen325
)
(/usr/local/texlive/2021/texmf-dist/tex/latex/jknapltx/mathrsfs.sty
Package: mathrsfs 1996/01/01 Math RSFS package v1.0 (jk)
\symrsfs=\mathgroup6
)
(/usr/local/texlive/2021/texmf-dist/tex/generic/mathdots/mathdots.sty
Package: mathdots 2014/06/11 v0.9 Improve and add various macros for dots in ma
th.
\MDo@unit=\dimen326
\MDo@dotsbox=\box83
\MDoprekern=\muskip18
\MDopostkern=\muskip19
\MDodotkern=\muskip20
)
(/usr/local/texlive/2021/texmf-dist/tex/latex/doublestroke/dsfont.sty
Package: dsfont 1995/08/01 v0.1 Double stroke roman fonts
)
(/usr/local/texlive/2021/texmf-dist/tex/latex/wasysym/wasysym.sty
Package: wasysym 2020/01/19 v2.4 Wasy-2 symbol support package
\symwasy=\mathgroup7
LaTeX Font Info:    Overwriting symbol font `wasy' in version `bold'
(Font)                  U/wasy/m/n --> U/wasy/b/n on input line 93.
)
(/usr/local/texlive/2021/texmf-dist/tex/latex/jknapltx/mathbbol.sty
Package: mathbbol 1995/01/01
\symbbold=\mathgroup8
))
(/usr/local/texlive/2021/texmf-dist/tex/latex/psnfss/mathptmx.sty
Package: mathptmx 2020/03/25 PSNFSS-v9.3 Times w/ Math, improved (SPQR, WaS) 
LaTeX Font Info:    Redeclaring symbol font `operators' on input line 28.
LaTeX Font Info:    Overwriting symbol font `operators' in version `normal'
(Font)                  OT1/lmr/m/n --> OT1/ztmcm/m/n on input line 28.
LaTeX Font Info:    Overwriting symbol font `operators' in version `bold'
(Font)                  OT1/lmr/bx/n --> OT1/ztmcm/m/n on input line 28.
LaTeX Font Info:    Redeclaring symbol font `letters' on input line 29.
LaTeX Font Info:    Overwriting symbol font `letters' in version `normal'
(Font)                  OML/lmm/m/it --> OML/ztmcm/m/it on input line 29.
LaTeX Font Info:    Overwriting symbol font `letters' in version `bold'
(Font)                  OML/lmm/b/it --> OML/ztmcm/m/it on input line 29.
LaTeX Font Info:    Redeclaring symbol font `symbols' on input line 30.
LaTeX Font Info:    Overwriting symbol font `symbols' in version `normal'
(Font)                  OMS/lmsy/m/n --> OMS/ztmcm/m/n on input line 30.
LaTeX Font Info:    Overwriting symbol font `symbols' in version `bold'
(Font)                  OMS/lmsy/b/n --> OMS/ztmcm/m/n on input line 30.
LaTeX Font Info:    Redeclaring symbol font `largesymbols' on input line 31.
LaTeX Font Info:    Overwriting symbol font `largesymbols' in version `normal'
(Font)                  OMX/lmex/m/n --> OMX/ztmcm/m/n on input line 31.
LaTeX Font Info:    Overwriting symbol font `largesymbols' in version `bold'
(Font)                  OMX/lmex/m/n --> OMX/ztmcm/m/n on input line 31.
\symbold=\mathgroup9
\symitalic=\mathgroup10
LaTeX Font Info:    Redeclaring math alphabet \mathbf on input line 34.
LaTeX Font Info:    Overwriting math alphabet `\mathbf' in version `normal'
(Font)                  OT1/lmr/bx/n --> OT1/ptm/bx/n on input line 34.
LaTeX Font Info:    Overwriting math alphabet `\mathbf' in version `bold'
(Font)                  OT1/lmr/bx/n --> OT1/ptm/bx/n on input line 34.
LaTeX Font Info:    Redeclaring math alphabet \mathit on input line 35.
LaTeX Font Info:    Overwriting math alphabet `\mathit' in version `normal'
(Font)                  OT1/lmr/m/it --> OT1/ptm/m/it on input line 35.
LaTeX Font Info:    Overwriting math alphabet `\mathit' in version `bold'
(Font)                  OT1/lmr/bx/it --> OT1/ptm/m/it on input line 35.
LaTeX Info: Redefining \hbar on input line 50.
)
(/usr/local/texlive/2021/texmf-dist/tex/latex/natbib/bibentry.sty
Package: bibentry 2007/10/30 1.5 (PWD)
)
(/usr/local/texlive/2021/texmf-dist/tex/latex/bbm-macros/bbm.sty
Package: bbm 1999/03/15 V 1.2 provides fonts for set symbols - TH
LaTeX Font Info:    Overwriting math alphabet `\mathbbm' in version `bold'
(Font)                  U/bbm/m/n --> U/bbm/bx/n on input line 33.
LaTeX Font Info:    Overwriting math alphabet `\mathbbmss' in version `bold'
(Font)                  U/bbmss/m/n --> U/bbmss/bx/n on input line 35.
)
(/usr/local/texlive/2021/texmf-dist/tex/generic/babel/babel.sty
Package: babel 2021/12/30 3.69 The Babel package
\babel@savecnt=\count346
\U@D=\dimen327
\l@unhyphenated=\language87

(/usr/local/texlive/2021/texmf-dist/tex/generic/babel/txtbabel.def)
\bbl@readstream=\read3
LaTeX Info: Redefining \textlatin on input line 3967.
\bbl@dirlevel=\count347
Package babel Info: You haven't specified a language. I'll use 'nil'
(babel)             as the main language. Reported on input line 4299.

(/usr/local/texlive/2021/texmf-dist/tex/generic/babel/nil.ldf
Language: nil 2021/12/30 3.69 Nil language
\l@nil=\language88
))
(/usr/local/texlive/2021/texmf-dist/tex/latex/ragged2e/ragged2e.sty
Package: ragged2e 2021/12/15 v3.1 ragged2e Package
\CenteringLeftskip=\skip70
\RaggedLeftLeftskip=\skip71
\RaggedRightLeftskip=\skip72
\CenteringRightskip=\skip73
\RaggedLeftRightskip=\skip74
\RaggedRightRightskip=\skip75
\CenteringParfillskip=\skip76
\RaggedLeftParfillskip=\skip77
\RaggedRightParfillskip=\skip78
\JustifyingParfillskip=\skip79
\CenteringParindent=\skip80
\RaggedLeftParindent=\skip81
\RaggedRightParindent=\skip82
\JustifyingParindent=\skip83
)
(/usr/local/texlive/2021/texmf-dist/tex/latex/subfig/subfig.sty
Package: subfig 2005/06/28 ver: 1.3 subfig package

(/usr/local/texlive/2021/texmf-dist/tex/latex/caption/caption.sty
Package: caption 2020/10/26 v3.5g Customizing captions (AR)

(/usr/local/texlive/2021/texmf-dist/tex/latex/caption/caption3.sty
Package: caption3 2020/10/21 v2.2e caption3 kernel (AR)
\captionmargin=\dimen328
\captionmargin@=\dimen329
\captionwidth=\dimen330
\caption@tempdima=\dimen331
\caption@indent=\dimen332
\caption@parindent=\dimen333
\caption@hangindent=\dimen334
Package caption Info: beamer document class detected.

(/usr/local/texlive/2021/texmf-dist/tex/latex/caption/caption-beamer.sto
File: caption-beamer.sto 2020/08/22 v2.0 Adaption of the caption package to the
 beamer document classes (AR)
))
\c@caption@flags=\count348
\c@continuedfloat=\count349
Package caption Info: hyperref package is loaded.
Package caption Info: Hyperref support is turned off
(caption)             because hyperref has stopped early.
)
\c@KVtest=\count350
\sf@farskip=\skip84
\sf@captopadj=\dimen335
\sf@capskip=\skip85
\sf@nearskip=\skip86
\c@subfigure=\count351
\c@subfigure@save=\count352
\c@depth=\count353
\c@subtable=\count354
\c@subtable@save=\count355
\sf@top=\skip87
\sf@bottom=\skip88
)
(/usr/local/texlive/2021/texmf-dist/tex/latex/base/fontenc.sty
Package: fontenc 2021/04/29 v2.0v Standard LaTeX package
LaTeX Font Info:    Trying to load font information for T1+phv on input line 11
2.

(/usr/local/texlive/2021/texmf-dist/tex/latex/psnfss/t1phv.fd
File: t1phv.fd 2020/03/25 scalable font definitions for T1/phv.
))
(/usr/local/texlive/2021/texmf-dist/tex/latex/l3backend/l3backend-pdftex.def
File: l3backend-pdftex.def 2021-12-14 L3 backend support: PDF output (pdfTeX)
\l__color_backend_stack_int=\count356
\l__pdf_internal_box=\box84
)
(build/slides.aux)
\openout1 = `slides.aux'.

LaTeX Font Info:    Checking defaults for OML/cmm/m/it on input line 35.
LaTeX Font Info:    ... okay on input line 35.
LaTeX Font Info:    Checking defaults for OMS/cmsy/m/n on input line 35.
LaTeX Font Info:    ... okay on input line 35.
LaTeX Font Info:    Checking defaults for OT1/cmr/m/n on input line 35.
LaTeX Font Info:    ... okay on input line 35.
LaTeX Font Info:    Checking defaults for T1/cmr/m/n on input line 35.
LaTeX Font Info:    ... okay on input line 35.
LaTeX Font Info:    Checking defaults for TS1/cmr/m/n on input line 35.
LaTeX Font Info:    ... okay on input line 35.
LaTeX Font Info:    Checking defaults for OMX/cmex/m/n on input line 35.
LaTeX Font Info:    ... okay on input line 35.
LaTeX Font Info:    Checking defaults for U/cmr/m/n on input line 35.
LaTeX Font Info:    ... okay on input line 35.
LaTeX Font Info:    Checking defaults for PD1/pdf/m/n on input line 35.
LaTeX Font Info:    ... okay on input line 35.
LaTeX Font Info:    Checking defaults for PU/pdf/m/n on input line 35.
LaTeX Font Info:    ... okay on input line 35.

*geometry* driver: auto-detecting
*geometry* detected driver: pdftex
*geometry* verbose mode - [ preamble ] result:
* driver: pdftex
* paper: custom
* layout: <same size as paper>
* layoutoffset:(h,v)=(0.0pt,0.0pt)
* modes: includehead includefoot 
* h-part:(L,W,R)=(28.45274pt, 398.3386pt, 28.45274pt)
* v-part:(T,H,B)=(0.0pt, 256.0748pt, 0.0pt)
* \paperwidth=455.24408pt
* \paperheight=256.0748pt
* \textwidth=398.3386pt
* \textheight=227.62207pt
* \oddsidemargin=-43.81725pt
* \evensidemargin=-43.81725pt
* \topmargin=-72.26999pt
* \headheight=14.22636pt
* \headsep=0.0pt
* \topskip=11.0pt
* \footskip=14.22636pt
* \marginparwidth=4.0pt
* \marginparsep=10.0pt
* \columnsep=10.0pt
* \skip\footins=10.0pt plus 4.0pt minus 2.0pt
* \hoffset=0.0pt
* \voffset=0.0pt
* \mag=1000
* \@twocolumnfalse
* \@twosidefalse
* \@mparswitchfalse
* \@reversemarginfalse
* (1in=72.27pt=25.4mm, 1cm=28.453pt)

(/usr/local/texlive/2021/texmf-dist/tex/context/base/mkii/supp-pdf.mkii
[Loading MPS to PDF converter (version 2006.09.02).]
\scratchcounter=\count357
\scratchdimen=\dimen336
\scratchbox=\box85
\nofMPsegments=\count358
\nofMParguments=\count359
\everyMPshowfont=\toks51
\MPscratchCnt=\count360
\MPscratchDim=\dimen337
\MPnumerator=\count361
\makeMPintoPDFobject=\count362
\everyMPtoPDFconversion=\toks52
) (/usr/local/texlive/2021/texmf-dist/tex/latex/epstopdf-pkg/epstopdf-base.sty
Package: epstopdf-base 2020-01-24 v2.11 Base part for package epstopdf

(/usr/local/texlive/2021/texmf-dist/tex/latex/grfext/grfext.sty
Package: grfext 2019/12/03 v1.3 Manage graphics extensions (HO)
)
Package epstopdf-base Info: Redefining graphics rule for `.eps' on input line 4
85.
Package grfext Info: Graphics extension search list:
(grfext)             [.pdf,.png,.jpg,.mps,.jpeg,.jbig2,.jb2,.PDF,.PNG,.JPG,.JPE
G,.JBIG2,.JB2,.eps]
(grfext)             \AppendGraphicsExtensions on input line 504.

(/usr/local/texlive/2021/texmf-dist/tex/latex/latexconfig/epstopdf-sys.cfg
File: epstopdf-sys.cfg 2010/07/13 v1.3 Configuration of (r)epstopdf for TeX Liv
e
))
Package hyperref Info: Link coloring OFF on input line 35.

(/usr/local/texlive/2021/texmf-dist/tex/latex/hyperref/nameref.sty
Package: nameref 2021-04-02 v2.47 Cross-referencing by name of section

(/usr/local/texlive/2021/texmf-dist/tex/latex/refcount/refcount.sty
Package: refcount 2019/12/15 v3.6 Data extraction from label references (HO)
)
(/usr/local/texlive/2021/texmf-dist/tex/generic/gettitlestring/gettitlestring.s
ty
Package: gettitlestring 2019/12/15 v1.6 Cleanup title references (HO)
)
\c@section@level=\count363
)
LaTeX Info: Redefining \ref on input line 35.
LaTeX Info: Redefining \pageref on input line 35.
LaTeX Info: Redefining \nameref on input line 35.
 (build/slides.out) (build/slides.out)
\@outlinefile=\write5
\openout5 = `slides.out'.


(/usr/local/texlive/2021/texmf-dist/tex/latex/translator/translator-basic-dicti
onary-English.dict
Dictionary: translator-basic-dictionary, Language: English 
)
(/usr/local/texlive/2021/texmf-dist/tex/latex/translator/translator-bibliograph
y-dictionary-English.dict
Dictionary: translator-bibliography-dictionary, Language: English 
)
(/usr/local/texlive/2021/texmf-dist/tex/latex/translator/translator-environment
-dictionary-English.dict
Dictionary: translator-environment-dictionary, Language: English 
)
(/usr/local/texlive/2021/texmf-dist/tex/latex/translator/translator-months-dict
ionary-English.dict
Dictionary: translator-months-dictionary, Language: English 
)
(/usr/local/texlive/2021/texmf-dist/tex/latex/translator/translator-numbers-dic
tionary-English.dict
Dictionary: translator-numbers-dictionary, Language: English 
)
(/usr/local/texlive/2021/texmf-dist/tex/latex/translator/translator-theorem-dic
tionary-English.dict
Dictionary: translator-theorem-dictionary, Language: English 
)
LaTeX Info: Redefining \microtypecontext on input line 35.
Package microtype Info: Applying patch `item' on input line 35.
Package microtype Info: Applying patch `toc' on input line 35.
Package microtype Info: Applying patch `eqnum' on input line 35.


Package microtype Warning: Unable to apply patch `footnote' on input line 35.

Package microtype Info: Generating PDF output.
Package microtype Info: Character protrusion enabled (level 2).
Package microtype Info: Using default protrusion set `alltext'.
Package microtype Info: Automatic font expansion enabled (level 2),
(microtype)             stretch: 20, shrink: 20, step: 1, non-selected.
Package microtype Info: Using default expansion set `alltext-nott'.
LaTeX Info: Redefining \showhyphens on input line 35.
Package microtype Info: No adjustment of tracking.
Package microtype Info: No adjustment of interword spacing.
Package microtype Info: No adjustment of character kerning.
Package microtype Info: Loading generic protrusion settings for font family
(microtype)             `phv' (encoding: T1).
(microtype)             For optimal results, create family-specific settings.
(microtype)             See the microtype manual for details.
Package caption Info: Begin \AtBeginDocument code.
Package caption Info: subfig package v1.3 is loaded.
Package caption Info: End \AtBeginDocument code.
(build/slides.nav)
<../../../../../Organisation/Docs/Templates/LASTIG_logos/logo_lastig_ss_titre.p
ng, id=33, 896.148pt x 303.534pt>
File: ../../../../../Organisation/Docs/Templates/LASTIG_logos/logo_lastig_ss_ti
tre.png Graphic file (type png)
<use ../../../../../Organisation/Docs/Templates/LASTIG_logos/logo_lastig_ss_tit
re.png>
Package pdftex.def Info: ../../../../../Organisation/Docs/Templates/LASTIG_logo
s/logo_lastig_ss_titre.png  used on input line 35.
(pdftex.def)             Requested size: 42.67912pt x 14.41441pt.


Package hyperref Warning: Option `pdfauthor' has already been used,
(hyperref)                setting the option has no effect on input line 45.

LaTeX Font Info:    Trying to load font information for OT1+ztmcm on input line
 49.
(/usr/local/texlive/2021/texmf-dist/tex/latex/psnfss/ot1ztmcm.fd
File: ot1ztmcm.fd 2000/01/03 Fontinst v1.801 font definitions for OT1/ztmcm.
)
Package microtype Info: Loading generic protrusion settings for font family
(microtype)             `ztmcm' (encoding: OT1).
(microtype)             For optimal results, create family-specific settings.
(microtype)             See the microtype manual for details.
LaTeX Font Info:    Trying to load font information for OML+ztmcm on input line
 49.

(/usr/local/texlive/2021/texmf-dist/tex/latex/psnfss/omlztmcm.fd
File: omlztmcm.fd 2000/01/03 Fontinst v1.801 font definitions for OML/ztmcm.
)
LaTeX Font Info:    Trying to load font information for OMS+ztmcm on input line
 49.

(/usr/local/texlive/2021/texmf-dist/tex/latex/psnfss/omsztmcm.fd
File: omsztmcm.fd 2000/01/03 Fontinst v1.801 font definitions for OMS/ztmcm.
)
LaTeX Font Info:    Trying to load font information for OMX+ztmcm on input line
 49.

(/usr/local/texlive/2021/texmf-dist/tex/latex/psnfss/omxztmcm.fd
File: omxztmcm.fd 2000/01/03 Fontinst v1.801 font definitions for OMX/ztmcm.
)
(/usr/local/texlive/2021/texmf-dist/tex/latex/microtype/mt-msa.cfg
File: mt-msa.cfg 2006/02/04 v1.1 microtype config. file: AMS symbols (a) (RS)
)
(/usr/local/texlive/2021/texmf-dist/tex/latex/microtype/mt-msb.cfg
File: mt-msb.cfg 2005/06/01 v1.0 microtype config. file: AMS symbols (b) (RS)
)
LaTeX Font Info:    Trying to load font information for U+rsfs on input line 49
.

(/usr/local/texlive/2021/texmf-dist/tex/latex/jknapltx/ursfs.fd
File: ursfs.fd 1998/03/24 rsfs font definition file (jk)
)
LaTeX Font Info:    Trying to load font information for U+wasy on input line 49
.

(/usr/local/texlive/2021/texmf-dist/tex/latex/wasysym/uwasy.fd
File: uwasy.fd 2020/01/19 v2.4 Wasy-2 symbol font definitions
)
LaTeX Font Info:    Trying to load font information for U+bbold on input line 4
9.

(/usr/local/texlive/2021/texmf-dist/tex/latex/bbold/Ubbold.fd)
LaTeX Font Info:    Trying to load font information for OT1+ptm on input line 4
9.

(/usr/local/texlive/2021/texmf-dist/tex/latex/psnfss/ot1ptm.fd
File: ot1ptm.fd 2001/06/04 font definitions for OT1/ptm.
)
LaTeX Font Info:    Font shape `OT1/ptm/bx/n' in size <10> not available
(Font)              Font shape `OT1/ptm/b/n' tried instead on input line 49.

(/usr/local/texlive/2021/texmf-dist/tex/latex/microtype/mt-ptm.cfg
File: mt-ptm.cfg 2006/04/20 v1.7 microtype config. file: Times (RS)
)
LaTeX Font Info:    Font shape `OT1/ptm/bx/n' in size <7.4> not available
(Font)              Font shape `OT1/ptm/b/n' tried instead on input line 49.
LaTeX Font Info:    Font shape `OT1/ptm/bx/n' in size <6> not available
(Font)              Font shape `OT1/ptm/b/n' tried instead on input line 49.
LaTeX Font Info:    Trying to load font information for T1+lmtt on input line 4
9.

(/usr/local/texlive/2021/texmf-dist/tex/latex/lm/t1lmtt.fd
File: t1lmtt.fd 2015/05/01 v1.6.1 Font defs for Latin Modern
)
Package microtype Info: Loading generic protrusion settings for font family
(microtype)             `lmtt' (encoding: T1).
(microtype)             For optimal results, create family-specific settings.
(microtype)             See the microtype manual for details.
LaTeX Font Info:    Font shape `OT1/ptm/bx/n' in size <9> not available
(Font)              Font shape `OT1/ptm/b/n' tried instead on input line 49.
LaTeX Font Info:    Font shape `OT1/ptm/bx/n' in size <7> not available
(Font)              Font shape `OT1/ptm/b/n' tried instead on input line 49.
LaTeX Font Info:    Font shape `OT1/ptm/bx/n' in size <5> not available
(Font)              Font shape `OT1/ptm/b/n' tried instead on input line 49.

Overfull \hbox (56.90549pt too wide) in paragraph at lines 49--49
[][]  
 []


Overfull \vbox (29.21317pt too high) detected at line 49
 []

<../../../../../Organisation/Docs/Templates/LASTIG_logos/logo_uge.png, id=36, 1
51.2852pt x 30.8352pt>
File: ../../../../../Organisation/Docs/Templates/LASTIG_logos/logo_uge.png Grap
hic file (type png)
<use ../../../../../Organisation/Docs/Templates/LASTIG_logos/logo_uge.png>
Package pdftex.def Info: ../../../../../Organisation/Docs/Templates/LASTIG_logo
s/logo_uge.png  used on input line 49.
(pdftex.def)             Requested size: 83.75882pt x 17.07164pt.
<../../../../../Organisation/Docs/Templates/LASTIG_logos/logo_geodata-paris.jpg
, id=37, 1235.61626pt x 521.95pt>
File: ../../../../../Organisation/Docs/Templates/LASTIG_logos/logo_geodata-pari
s.jpg Graphic file (type jpg)
<use ../../../../../Organisation/Docs/Templates/LASTIG_logos/logo_geodata-paris
.jpg>
Package pdftex.def Info: ../../../../../Organisation/Docs/Templates/LASTIG_logo
s/logo_geodata-paris.jpg  used on input line 49.
(pdftex.def)             Requested size: 60.61548pt x 25.60747pt.
<../../../../../Organisation/Docs/Templates/LASTIG_logos/logo_eivp.png, id=38, 
77.5698pt x 43.8438pt>
File: ../../../../../Organisation/Docs/Templates/LASTIG_logos/logo_eivp.png Gra
phic file (type png)
<use ../../../../../Organisation/Docs/Templates/LASTIG_logos/logo_eivp.png>
Package pdftex.def Info: ../../../../../Organisation/Docs/Templates/LASTIG_logo
s/logo_eivp.png  used on input line 49.
(pdftex.def)             Requested size: 45.30652pt x 25.60747pt.
File: ../../../../../Organisation/Docs/Templates/LASTIG_logos/logo_lastig_ss_ti
tre.png Graphic file (type png)
<use ../../../../../Organisation/Docs/Templates/LASTIG_logos/logo_lastig_ss_tit
re.png>
Package pdftex.def Info: ../../../../../Organisation/Docs/Templates/LASTIG_logo
s/logo_lastig_ss_titre.png  used on input line 49.
(pdftex.def)             Requested size: 67.19452pt x 22.76219pt.
[1

{/usr/local/texlive/2021/texmf-var/fonts/map/pdftex/updmap/pdftex.map} <../../.
./../../Organisation/Docs/Templates/LASTIG_logos/logo_uge.png> <../../../../../
Organisation/Docs/Templates/LASTIG_logos/logo_geodata-paris.jpg> <../../../../.
./Organisation/Docs/Templates/LASTIG_logos/logo_eivp.png> <../../../../../Organ
isation/Docs/Templates/LASTIG_logos/logo_lastig_ss_titre.png>]
(build/slides.toc)
File: ../../../../../Organisation/Docs/Templates/LASTIG_logos/logo_lastig_ss_ti
tre.png Graphic file (type png)
<use ../../../../../Organisation/Docs/Templates/LASTIG_logos/logo_lastig_ss_tit
re.png>
Package pdftex.def Info: ../../../../../Organisation/Docs/Templates/LASTIG_logo
s/logo_lastig_ss_titre.png  used on input line 54.
(pdftex.def)             Requested size: 42.67912pt x 14.41441pt.

Overfull \hbox (2.64081pt too wide) has occurred while \output is active
[][][][]   \T1/phv/m/n/6 (-20) --   [][][][][] 
 []

[2

]
<../../Communication/figures/pic_sfi.jpg, id=67, 1156.32pt x 867.24pt>
File: ../../Communication/figures/pic_sfi.jpg Graphic file (type jpg)
<use ../../Communication/figures/pic_sfi.jpg>
Package pdftex.def Info: ../../Communication/figures/pic_sfi.jpg  used on input
 line 80.
(pdftex.def)             Requested size: 99.58464pt x 74.68704pt.
<../../Communication/figures/pic_dunes.jpg, id=68, 1156.32pt x 867.24pt>
File: ../../Communication/figures/pic_dunes.jpg Graphic file (type jpg)
<use ../../Communication/figures/pic_dunes.jpg>
Package pdftex.def Info: ../../Communication/figures/pic_dunes.jpg  used on inp
ut line 80.
(pdftex.def)             Requested size: 99.58464pt x 74.68704pt.
<../../Communication/figures/pic_grdteton.jpg, id=69, 1156.32pt x 867.24pt>
File: ../../Communication/figures/pic_grdteton.jpg Graphic file (type jpg)
<use ../../Communication/figures/pic_grdteton.jpg>
Package pdftex.def Info: ../../Communication/figures/pic_grdteton.jpg  used on 
input line 80.
(pdftex.def)             Requested size: 99.58464pt x 74.68704pt.
<../../Communication/figures/roadtrip.png, id=70, 1350.04375pt x 778.91pt>
File: ../../Communication/figures/roadtrip.png Graphic file (type png)
<use ../../Communication/figures/roadtrip.png>
Package pdftex.def Info: ../../Communication/figures/roadtrip.png  used on inpu
t line 80.
(pdftex.def)             Requested size: 199.1693pt x 114.90605pt.
<../../Communication/figures/pic_rockies.jpg, id=71, 1156.32pt x 867.24pt>
File: ../../Communication/figures/pic_rockies.jpg Graphic file (type jpg)
<use ../../Communication/figures/pic_rockies.jpg>
Package pdftex.def Info: ../../Communication/figures/pic_rockies.jpg  used on i
nput line 80.
(pdftex.def)             Requested size: 99.58464pt x 74.68704pt.
<../../Communication/figures/pic_sf.jpg, id=72, 1156.32pt x 867.24pt>
File: ../../Communication/figures/pic_sf.jpg Graphic file (type jpg)
<use ../../Communication/figures/pic_sf.jpg>
Package pdftex.def Info: ../../Communication/figures/pic_sf.jpg  used on input 
line 80.
(pdftex.def)             Requested size: 99.58464pt x 74.68704pt.
<../../Communication/figures/pic_yosemite.jpg, id=73, 1156.32pt x 867.24pt>
File: ../../Communication/figures/pic_yosemite.jpg Graphic file (type jpg)
<use ../../Communication/figures/pic_yosemite.jpg>
Package pdftex.def Info: ../../Communication/figures/pic_yosemite.jpg  used on 
input line 80.
(pdftex.def)             Requested size: 99.58464pt x 74.68704pt.

Overfull \vbox (35.45717pt too high) detected at line 80
 []

File: ../../../../../Organisation/Docs/Templates/LASTIG_logos/logo_lastig_ss_ti
tre.png Graphic file (type png)
<use ../../../../../Organisation/Docs/Templates/LASTIG_logos/logo_lastig_ss_tit
re.png>
Package pdftex.def Info: ../../../../../Organisation/Docs/Templates/LASTIG_logo
s/logo_lastig_ss_titre.png  used on input line 80.
(pdftex.def)             Requested size: 42.67912pt x 14.41441pt.

Overfull \hbox (2.64081pt too wide) has occurred while \output is active
[][][][]   \T1/phv/m/n/6 (-20) --   [][][][][] 
 []

[3

 <../../Communication/figures/pic_sfi.jpg> <../../Communication/figures/pic_dun
es.jpg> <../../Communication/figures/pic_grdteton.jpg> <../../Communication/fig
ures/roadtrip.png> <../../Communication/figures/pic_rockies.jpg> <../../Communi
cation/figures/pic_sf.jpg> <../../Communication/figures/pic_yosemite.jpg>]
LaTeX Font Info:    Font shape `T1/phv/m/it' in size <9> not available
(Font)              Font shape `T1/phv/m/sl' tried instead on input line 103.
File: ../../../../../Organisation/Docs/Templates/LASTIG_logos/logo_lastig_ss_ti
tre.png Graphic file (type png)
<use ../../../../../Organisation/Docs/Templates/LASTIG_logos/logo_lastig_ss_tit
re.png>
Package pdftex.def Info: ../../../../../Organisation/Docs/Templates/LASTIG_logo
s/logo_lastig_ss_titre.png  used on input line 103.
(pdftex.def)             Requested size: 42.67912pt x 14.41441pt.

Overfull \hbox (2.64081pt too wide) has occurred while \output is active
[][][][]   \T1/phv/m/n/6 (-20) --   [][][][][] 
 []

[4

]
File: ../../../../../Organisation/Docs/Templates/LASTIG_logos/logo_lastig_ss_ti
tre.png Graphic file (type png)
<use ../../../../../Organisation/Docs/Templates/LASTIG_logos/logo_lastig_ss_tit
re.png>
Package pdftex.def Info: ../../../../../Organisation/Docs/Templates/LASTIG_logo
s/logo_lastig_ss_titre.png  used on input line 126.
(pdftex.def)             Requested size: 42.67912pt x 14.41441pt.

Overfull \hbox (2.64081pt too wide) has occurred while \output is active
[][][][]   \T1/phv/m/n/6 (-20) --   [][][][][] 
 []

[5

] (build/slides.toc)
File: ../../../../../Organisation/Docs/Templates/LASTIG_logos/logo_lastig_ss_ti
tre.png Graphic file (type png)
<use ../../../../../Organisation/Docs/Templates/LASTIG_logos/logo_lastig_ss_tit
re.png>
Package pdftex.def Info: ../../../../../Organisation/Docs/Templates/LASTIG_logo
s/logo_lastig_ss_titre.png  used on input line 130.
(pdftex.def)             Requested size: 42.67912pt x 14.41441pt.

Overfull \hbox (2.64081pt too wide) has occurred while \output is active
[][][][]   \T1/phv/m/n/6 (-20) --   [][][][][] 
 []

[6

]
File: ../../../../../Organisation/Docs/Templates/LASTIG_logos/logo_lastig_ss_ti
tre.png Graphic file (type png)
<use ../../../../../Organisation/Docs/Templates/LASTIG_logos/logo_lastig_ss_tit
re.png>
Package pdftex.def Info: ../../../../../Organisation/Docs/Templates/LASTIG_logo
s/logo_lastig_ss_titre.png  used on input line 161.
(pdftex.def)             Requested size: 42.67912pt x 14.41441pt.

Overfull \hbox (2.64081pt too wide) has occurred while \output is active
[][][][]   \T1/phv/m/n/6 (-20) --   [][][][][] 
 []

[7

]
File: ../../../../../Organisation/Docs/Templates/LASTIG_logos/logo_lastig_ss_ti
tre.png Graphic file (type png)
<use ../../../../../Organisation/Docs/Templates/LASTIG_logos/logo_lastig_ss_tit
re.png>
Package pdftex.def Info: ../../../../../Organisation/Docs/Templates/LASTIG_logo
s/logo_lastig_ss_titre.png  used on input line 187.
(pdftex.def)             Requested size: 42.67912pt x 14.41441pt.

Overfull \hbox (2.64081pt too wide) has occurred while \output is active
[][][][]   \T1/phv/m/n/6 (-20) --   [][][][][] 
 []

[8

]
<../../Communication/figures/average_regular_map.png, id=127, 722.7pt x 433.62p
t>
File: ../../Communication/figures/average_regular_map.png Graphic file (type pn
g)
<use ../../Communication/figures/average_regular_map.png>
Package pdftex.def Info: ../../Communication/figures/average_regular_map.png  u
sed on input line 202.
(pdftex.def)             Requested size: 398.3386pt x 239.0012pt.

Overfull \vbox (69.11879pt too high) detected at line 202
 []

File: ../../../../../Organisation/Docs/Templates/LASTIG_logos/logo_lastig_ss_ti
tre.png Graphic file (type png)
<use ../../../../../Organisation/Docs/Templates/LASTIG_logos/logo_lastig_ss_tit
re.png>
Package pdftex.def Info: ../../../../../Organisation/Docs/Templates/LASTIG_logo
s/logo_lastig_ss_titre.png  used on input line 202.
(pdftex.def)             Requested size: 42.67912pt x 14.41441pt.

Overfull \hbox (2.64081pt too wide) has occurred while \output is active
[][][][]   \T1/phv/m/n/6 (-20) --   [][][][][] 
 []

[9

 <../../Communication/figures/average_regular_map.png>] (build/slides.toc)
File: ../../../../../Organisation/Docs/Templates/LASTIG_logos/logo_lastig_ss_ti
tre.png Graphic file (type png)
<use ../../../../../Organisation/Docs/Templates/LASTIG_logos/logo_lastig_ss_tit
re.png>
Package pdftex.def Info: ../../../../../Organisation/Docs/Templates/LASTIG_logo
s/logo_lastig_ss_titre.png  used on input line 207.
(pdftex.def)             Requested size: 42.67912pt x 14.41441pt.

Overfull \hbox (2.64081pt too wide) has occurred while \output is active
[][][][]   \T1/phv/m/n/6 (-20) --   [][][][][] 
 []

[10

]
<../../Communication/figures/moran_days.png, id=145, 722.7pt x 361.35pt>
File: ../../Communication/figures/moran_days.png Graphic file (type png)
<use ../../Communication/figures/moran_days.png>
Package pdftex.def Info: ../../Communication/figures/moran_days.png  used on in
put line 219.
(pdftex.def)             Requested size: 179.252pt x 113.9306pt.
<../../Communication/figures/moran_decay_weeks.png, id=146, 722.7pt x 361.35pt>

File: ../../Communication/figures/moran_decay_weeks.png Graphic file (type png)

<use ../../Communication/figures/moran_decay_weeks.png>
Package pdftex.def Info: ../../Communication/figures/moran_decay_weeks.png  use
d on input line 219.
(pdftex.def)             Requested size: 179.252pt x 113.9306pt.
File: ../../../../../Organisation/Docs/Templates/LASTIG_logos/logo_lastig_ss_ti
tre.png Graphic file (type png)
<use ../../../../../Organisation/Docs/Templates/LASTIG_logos/logo_lastig_ss_tit
re.png>
Package pdftex.def Info: ../../../../../Organisation/Docs/Templates/LASTIG_logo
s/logo_lastig_ss_titre.png  used on input line 219.
(pdftex.def)             Requested size: 42.67912pt x 14.41441pt.

Overfull \hbox (2.64081pt too wide) has occurred while \output is active
[][][][]   \T1/phv/m/n/6 (-20) --   [][][][][] 
 []

[11

 <../../Communication/figures/moran_days.png> <../../Communication/figures/mora
n_decay_weeks.png>]
File: ../../../../../Organisation/Docs/Templates/LASTIG_logos/logo_lastig_ss_ti
tre.png Graphic file (type png)
<use ../../../../../Organisation/Docs/Templates/LASTIG_logos/logo_lastig_ss_tit
re.png>
Package pdftex.def Info: ../../../../../Organisation/Docs/Templates/LASTIG_logo
s/logo_lastig_ss_titre.png  used on input line 238.
(pdftex.def)             Requested size: 42.67912pt x 14.41441pt.

Overfull \hbox (2.64081pt too wide) has occurred while \output is active
[][][][]   \T1/phv/m/n/6 (-20) --   [][][][][] 
 []

[12

]
<../../Communication/figures/gwr_allbest_betaincome.png, id=167, 722.7pt x 397.
485pt>
File: ../../Communication/figures/gwr_allbest_betaincome.png Graphic file (type
 png)
<use ../../Communication/figures/gwr_allbest_betaincome.png>
Package pdftex.def Info: ../../Communication/figures/gwr_allbest_betaincome.png
  used on input line 250.
(pdftex.def)             Requested size: 199.16766pt x 91.14063pt.
<../../Communication/figures/gwr_allbest_betapercapjobs.png, id=168, 722.7pt x 
397.485pt>
File: ../../Communication/figures/gwr_allbest_betapercapjobs.png Graphic file (
type png)
<use ../../Communication/figures/gwr_allbest_betapercapjobs.png>
Package pdftex.def Info: ../../Communication/figures/gwr_allbest_betapercapjobs
.png  used on input line 250.
(pdftex.def)             Requested size: 199.16766pt x 91.14063pt.
<../../Communication/figures/gwr_allbest_wage.png, id=169, 722.7pt x 397.485pt>

File: ../../Communication/figures/gwr_allbest_wage.png Graphic file (type png)
<use ../../Communication/figures/gwr_allbest_wage.png>
Package pdftex.def Info: ../../Communication/figures/gwr_allbest_wage.png  used
 on input line 250.
(pdftex.def)             Requested size: 199.16766pt x 91.14063pt.
<../../Communication/figures/gwr_allbest_LocalR2.png, id=170, 722.7pt x 397.485
pt>
File: ../../Communication/figures/gwr_allbest_LocalR2.png Graphic file (type pn
g)
<use ../../Communication/figures/gwr_allbest_LocalR2.png>
Package pdftex.def Info: ../../Communication/figures/gwr_allbest_LocalR2.png  u
sed on input line 250.
(pdftex.def)             Requested size: 199.16766pt x 91.14063pt.

Overfull \vbox (188.06197pt too high) detected at line 250
 []

File: ../../../../../Organisation/Docs/Templates/LASTIG_logos/logo_lastig_ss_ti
tre.png Graphic file (type png)
<use ../../../../../Organisation/Docs/Templates/LASTIG_logos/logo_lastig_ss_tit
re.png>
Package pdftex.def Info: ../../../../../Organisation/Docs/Templates/LASTIG_logo
s/logo_lastig_ss_titre.png  used on input line 250.
(pdftex.def)             Requested size: 42.67912pt x 14.41441pt.

Overfull \hbox (2.64081pt too wide) has occurred while \output is active
[][][][]   \T1/phv/m/n/6 (-20) --   [][][][][] 
 []

[13

 <../../Communication/figures/gwr_allbest_betaincome.png> <../../Communication/
figures/gwr_allbest_betapercapjobs.png> <../../Communication/figures/gwr_allbes
t_wage.png> <../../Communication/figures/gwr_allbest_LocalR2.png>]
File: ../../../../../Organisation/Docs/Templates/LASTIG_logos/logo_lastig_ss_ti
tre.png Graphic file (type png)
<use ../../../../../Organisation/Docs/Templates/LASTIG_logos/logo_lastig_ss_tit
re.png>
Package pdftex.def Info: ../../../../../Organisation/Docs/Templates/LASTIG_logo
s/logo_lastig_ss_titre.png  used on input line 273.
(pdftex.def)             Requested size: 42.67912pt x 14.41441pt.

Overfull \hbox (2.64081pt too wide) has occurred while \output is active
[][][][]   \T1/phv/m/n/6 (-20) --   [][][][][] 
 []

[14

]
<figures/regression.png, id=190, 1329.96875pt x 561.09625pt>
File: figures/regression.png Graphic file (type png)
<use figures/regression.png>
Package pdftex.def Info: figures/regression.png  used on input line 282.
(pdftex.def)             Requested size: 398.3386pt x 168.0562pt.
File: ../../../../../Organisation/Docs/Templates/LASTIG_logos/logo_lastig_ss_ti
tre.png Graphic file (type png)
<use ../../../../../Organisation/Docs/Templates/LASTIG_logos/logo_lastig_ss_tit
re.png>
Package pdftex.def Info: ../../../../../Organisation/Docs/Templates/LASTIG_logo
s/logo_lastig_ss_titre.png  used on input line 282.
(pdftex.def)             Requested size: 42.67912pt x 14.41441pt.

Overfull \hbox (2.64081pt too wide) has occurred while \output is active
[][][][]   \T1/phv/m/n/6 (-20) --   [][][][][] 
 []

[15

 <./figures/regression.png>]
File: ../../../../../Organisation/Docs/Templates/LASTIG_logos/logo_lastig_ss_ti
tre.png Graphic file (type png)
<use ../../../../../Organisation/Docs/Templates/LASTIG_logos/logo_lastig_ss_tit
re.png>
Package pdftex.def Info: ../../../../../Organisation/Docs/Templates/LASTIG_logo
s/logo_lastig_ss_titre.png  used on input line 301.
(pdftex.def)             Requested size: 42.67912pt x 14.41441pt.

Overfull \hbox (2.64081pt too wide) has occurred while \output is active
[][][][]   \T1/phv/m/n/6 (-20) --   [][][][][] 
 []

[16

] (build/slides.toc)
File: ../../../../../Organisation/Docs/Templates/LASTIG_logos/logo_lastig_ss_ti
tre.png Graphic file (type png)
<use ../../../../../Organisation/Docs/Templates/LASTIG_logos/logo_lastig_ss_tit
re.png>
Package pdftex.def Info: ../../../../../Organisation/Docs/Templates/LASTIG_logo
s/logo_lastig_ss_titre.png  used on input line 306.
(pdftex.def)             Requested size: 42.67912pt x 14.41441pt.

Overfull \hbox (2.64081pt too wide) has occurred while \output is active
[][][][]   \T1/phv/m/n/6 (-20) --   [][][][][] 
 []

[17

]
File: ../../../../../Organisation/Docs/Templates/LASTIG_logos/logo_lastig_ss_ti
tre.png Graphic file (type png)
<use ../../../../../Organisation/Docs/Templates/LASTIG_logos/logo_lastig_ss_tit
re.png>
Package pdftex.def Info: ../../../../../Organisation/Docs/Templates/LASTIG_logo
s/logo_lastig_ss_titre.png  used on input line 321.
(pdftex.def)             Requested size: 42.67912pt x 14.41441pt.

Overfull \hbox (2.64081pt too wide) has occurred while \output is active
[][][][]   \T1/phv/m/n/6 (-20) --   [][][][][] 
 []

[18

]
File: ../../../../../Organisation/Docs/Templates/LASTIG_logos/logo_lastig_ss_ti
tre.png Graphic file (type png)
<use ../../../../../Organisation/Docs/Templates/LASTIG_logos/logo_lastig_ss_tit
re.png>
Package pdftex.def Info: ../../../../../Organisation/Docs/Templates/LASTIG_logo
s/logo_lastig_ss_titre.png  used on input line 352.
(pdftex.def)             Requested size: 42.67912pt x 14.41441pt.

Overfull \hbox (2.64081pt too wide) has occurred while \output is active
[][][][]   \T1/phv/m/n/6 (-20) --   [][][][][] 
 []

[19

]
File: ../../../../../Organisation/Docs/Templates/LASTIG_logos/logo_lastig_ss_ti
tre.png Graphic file (type png)
<use ../../../../../Organisation/Docs/Templates/LASTIG_logos/logo_lastig_ss_tit
re.png>
Package pdftex.def Info: ../../../../../Organisation/Docs/Templates/LASTIG_logo
s/logo_lastig_ss_titre.png  used on input line 370.
(pdftex.def)             Requested size: 42.67912pt x 14.41441pt.

Overfull \hbox (2.64081pt too wide) has occurred while \output is active
[][][][]   \T1/phv/m/n/6 (-20) --   [][][][][] 
 []

[20

]
<../../Paper/figures/fig7a.png, id=239, 3011.25pt x 3011.25pt>
File: ../../Paper/figures/fig7a.png Graphic file (type png)
<use ../../Paper/figures/fig7a.png>
Package pdftex.def Info: ../../Paper/figures/fig7a.png  used on input line 381.

(pdftex.def)             Requested size: 119.50279pt x 119.46457pt.
<../../Paper/figures/fig7b.png, id=240, 3011.25pt x 3011.25pt>
File: ../../Paper/figures/fig7b.png Graphic file (type png)
<use ../../Paper/figures/fig7b.png>
Package pdftex.def Info: ../../Paper/figures/fig7b.png  used on input line 381.

(pdftex.def)             Requested size: 119.50279pt x 119.46457pt.
<../../Paper/figures/fig7c.png, id=241, 3011.25pt x 3011.25pt>
File: ../../Paper/figures/fig7c.png Graphic file (type png)
<use ../../Paper/figures/fig7c.png>
Package pdftex.def Info: ../../Paper/figures/fig7c.png  used on input line 381.

(pdftex.def)             Requested size: 119.50279pt x 119.46457pt.
File: ../../../../../Organisation/Docs/Templates/LASTIG_logos/logo_lastig_ss_ti
tre.png Graphic file (type png)
<use ../../../../../Organisation/Docs/Templates/LASTIG_logos/logo_lastig_ss_tit
re.png>
Package pdftex.def Info: ../../../../../Organisation/Docs/Templates/LASTIG_logo
s/logo_lastig_ss_titre.png  used on input line 381.
(pdftex.def)             Requested size: 42.67912pt x 14.41441pt.

Overfull \hbox (2.64081pt too wide) has occurred while \output is active
[][][][]   \T1/phv/m/n/6 (-20) --   [][][][][] 
 []

[21

 <../../Paper/figures/Fig7a.png> <../../Paper/figures/Fig7b.png> <../../Paper/f
igures/Fig7c.png>] (build/slides.toc)
File: ../../../../../Organisation/Docs/Templates/LASTIG_logos/logo_lastig_ss_ti
tre.png Graphic file (type png)
<use ../../../../../Organisation/Docs/Templates/LASTIG_logos/logo_lastig_ss_tit
re.png>
Package pdftex.def Info: ../../../../../Organisation/Docs/Templates/LASTIG_logo
s/logo_lastig_ss_titre.png  used on input line 388.
(pdftex.def)             Requested size: 42.67912pt x 14.41441pt.

Overfull \hbox (2.64081pt too wide) has occurred while \output is active
[][][][]   \T1/phv/m/n/6 (-20) --   [][][][][] 
 []

[22

]
File: ../../../../../Organisation/Docs/Templates/LASTIG_logos/logo_lastig_ss_ti
tre.png Graphic file (type png)
<use ../../../../../Organisation/Docs/Templates/LASTIG_logos/logo_lastig_ss_tit
re.png>
Package pdftex.def Info: ../../../../../Organisation/Docs/Templates/LASTIG_logo
s/logo_lastig_ss_titre.png  used on input line 415.
(pdftex.def)             Requested size: 42.67912pt x 14.41441pt.

Overfull \hbox (2.64081pt too wide) has occurred while \output is active
[][][][]   \T1/phv/m/n/6 (-20) --   [][][][][] 
 []

[23

]
File: ../../../../../Organisation/Docs/Templates/LASTIG_logos/logo_lastig_ss_ti
tre.png Graphic file (type png)
<use ../../../../../Organisation/Docs/Templates/LASTIG_logos/logo_lastig_ss_tit
re.png>
Package pdftex.def Info: ../../../../../Organisation/Docs/Templates/LASTIG_logo
s/logo_lastig_ss_titre.png  used on input line 440.
(pdftex.def)             Requested size: 42.67912pt x 14.41441pt.

Overfull \hbox (2.64081pt too wide) has occurred while \output is active
[][][][]   \T1/phv/m/n/6 (-20) --   [][][][][] 
 []

[24

] (build/slides.bbl)
File: ../../../../../Organisation/Docs/Templates/LASTIG_logos/logo_lastig_ss_ti
tre.png Graphic file (type png)
<use ../../../../../Organisation/Docs/Templates/LASTIG_logos/logo_lastig_ss_tit
re.png>
Package pdftex.def Info: ../../../../../Organisation/Docs/Templates/LASTIG_logo
s/logo_lastig_ss_titre.png  used on input line 452.
(pdftex.def)             Requested size: 42.67912pt x 14.41441pt.

Overfull \hbox (2.64081pt too wide) has occurred while \output is active
[][][][]   \T1/phv/m/n/6 (-20) --   [][][][][] 
 []

[25

 </usr/local/texlive/2021/texmf-dist/tex/latex/beamer/beamericonarticle.pdf>]
File: ../../../../../Organisation/Docs/Templates/LASTIG_logos/logo_lastig_ss_ti
tre.png Graphic file (type png)
<use ../../../../../Organisation/Docs/Templates/LASTIG_logos/logo_lastig_ss_tit
re.png>
Package pdftex.def Info: ../../../../../Organisation/Docs/Templates/LASTIG_logo
s/logo_lastig_ss_titre.png  used on input line 452.
(pdftex.def)             Requested size: 42.67912pt x 14.41441pt.

Overfull \hbox (2.64081pt too wide) has occurred while \output is active
[][][][]   \T1/phv/m/n/6 (-20) --   [][][][][] 
 []

[26


]
File: ../../../../../Organisation/Docs/Templates/LASTIG_logos/logo_lastig_ss_ti
tre.png Graphic file (type png)
<use ../../../../../Organisation/Docs/Templates/LASTIG_logos/logo_lastig_ss_tit
re.png>
Package pdftex.def Info: ../../../../../Organisation/Docs/Templates/LASTIG_logo
s/logo_lastig_ss_titre.png  used on input line 470.
(pdftex.def)             Requested size: 42.67912pt x 14.41441pt.

Overfull \hbox (2.64081pt too wide) has occurred while \output is active
[][][][]   \T1/phv/m/n/6 (-20) --   [][][][][] 
 []

[27

]
<../../Communication/figures/gwr_allbest_residual.png, id=299, 722.7pt x 397.48
5pt>
File: ../../Communication/figures/gwr_allbest_residual.png Graphic file (type p
ng)
<use ../../Communication/figures/gwr_allbest_residual.png>
Package pdftex.def Info: ../../Communication/figures/gwr_allbest_residual.png  
used on input line 481.
(pdftex.def)             Requested size: 398.3386pt x 219.08443pt.

Overfull \vbox (25.57162pt too high) detected at line 481
 []

File: ../../../../../Organisation/Docs/Templates/LASTIG_logos/logo_lastig_ss_ti
tre.png Graphic file (type png)
<use ../../../../../Organisation/Docs/Templates/LASTIG_logos/logo_lastig_ss_tit
re.png>
Package pdftex.def Info: ../../../../../Organisation/Docs/Templates/LASTIG_logo
s/logo_lastig_ss_titre.png  used on input line 481.
(pdftex.def)             Requested size: 42.67912pt x 14.41441pt.

Overfull \hbox (2.64081pt too wide) has occurred while \output is active
[][][][]   \T1/phv/m/n/6 (-20) --   [][][][][] 
 []

[28

 <../../Communication/figures/gwr_allbest_residual.png>]
Underfull \hbox (badness 2237) in paragraph at lines 509--509
[]\T1/phv/m/n/9 (+20) Share of voters that voted for a republican
 []


Overfull \vbox (11.72557pt too high) detected at line 509
 []

File: ../../../../../Organisation/Docs/Templates/LASTIG_logos/logo_lastig_ss_ti
tre.png Graphic file (type png)
<use ../../../../../Organisation/Docs/Templates/LASTIG_logos/logo_lastig_ss_tit
re.png>
Package pdftex.def Info: ../../../../../Organisation/Docs/Templates/LASTIG_logo
s/logo_lastig_ss_titre.png  used on input line 509.
(pdftex.def)             Requested size: 42.67912pt x 14.41441pt.

Overfull \hbox (2.64081pt too wide) has occurred while \output is active
[][][][]   \T1/phv/m/n/6 (-20) --   [][][][][] 
 []

[29

]
Overfull \hbox (29.55338pt too wide) in paragraph at lines 538--538
 [] 
 []

File: ../../../../../Organisation/Docs/Templates/LASTIG_logos/logo_lastig_ss_ti
tre.png Graphic file (type png)
<use ../../../../../Organisation/Docs/Templates/LASTIG_logos/logo_lastig_ss_tit
re.png>
Package pdftex.def Info: ../../../../../Organisation/Docs/Templates/LASTIG_logo
s/logo_lastig_ss_titre.png  used on input line 538.
(pdftex.def)             Requested size: 42.67912pt x 14.41441pt.

Overfull \hbox (2.64081pt too wide) has occurred while \output is active
[][][][]   \T1/phv/m/n/6 (-20) --   [][][][][] 
 []

[30

]
File: ../../../../../Organisation/Docs/Templates/LASTIG_logos/logo_lastig_ss_ti
tre.png Graphic file (type png)
<use ../../../../../Organisation/Docs/Templates/LASTIG_logos/logo_lastig_ss_tit
re.png>
Package pdftex.def Info: ../../../../../Organisation/Docs/Templates/LASTIG_logo
s/logo_lastig_ss_titre.png  used on input line 560.
(pdftex.def)             Requested size: 42.67912pt x 14.41441pt.

Overfull \hbox (2.64081pt too wide) has occurred while \output is active
[][][][]   \T1/phv/m/n/6 (-20) --   [][][][][] 
 []

[31

]
\tf@nav=\write6
\openout6 = `slides.nav'.

\tf@toc=\write7
\openout7 = `slides.toc'.

\tf@snm=\write8
\openout8 = `slides.snm'.

 (build/slides.aux)
Package rerunfilecheck Info: File `slides.out' has not changed.
(rerunfilecheck)             Checksum: 2C316BCF33D24FC16C21D558CEDDF252;715.
 ) 
Here is how much of TeX's memory you used:
 33012 strings out of 478353
 650248 string characters out of 5848101
 917693 words of memory out of 5000000
 50158 multiletter control sequences out of 15000+600000
 476938 words of font info for 218 fonts, out of 8000000 for 9000
 1141 hyphenation exceptions out of 8191
 128i,14n,122p,1003b,940s stack positions out of 5000i,500n,10000p,200000b,80000s
{/usr/local/texlive/2021/texmf-dist/fonts/enc/dvips/base/8r.enc}{/usr/local/t
exlive/2021/texmf-dist/fonts/enc/dvips/lm/lm-ec.enc}</usr/local/texlive/2021/te
xmf-dist/fonts/type1/public/amsfonts/cm/cmex10.pfb></usr/local/texlive/2021/tex
mf-dist/fonts/type1/public/amsfonts/cm/cmmi10.pfb></usr/local/texlive/2021/texm
f-dist/fonts/type1/public/amsfonts/cm/cmr10.pfb></usr/local/texlive/2021/texmf-
dist/fonts/type1/public/amsfonts/cm/cmsy10.pfb></usr/local/texlive/2021/texmf-d
ist/fonts/type1/public/lm/lmtk10.pfb></usr/local/texlive/2021/texmf-dist/fonts/
type1/public/lm/lmtt9.pfb></usr/local/texlive/2021/texmf-dist/fonts/type1/publi
c/rsfs/rsfs10.pfb></usr/local/texlive/2021/texmf-dist/fonts/type1/urw/helvetic/
uhvb8a.pfb></usr/local/texlive/2021/texmf-dist/fonts/type1/urw/helvetic/uhvr8a.
pfb></usr/local/texlive/2021/texmf-dist/fonts/type1/urw/helvetic/uhvro8a.pfb></
usr/local/texlive/2021/texmf-dist/fonts/type1/urw/symbol/usyr.pfb></usr/local/t
exlive/2021/texmf-dist/fonts/type1/urw/symbol/usyr.pfb></usr/local/texlive/2021
/texmf-dist/fonts/type1/urw/times/utmr8a.pfb></usr/local/texlive/2021/texmf-dis
t/fonts/type1/urw/times/utmri8a.pfb>
Output written on build/slides.pdf (31 pages, 15147153 bytes).
PDF statistics:
 409 PDF objects out of 1000 (max. 8388607)
 296 compressed objects within 3 object streams
 78 named destinations out of 1000 (max. 500000)
 71878 words of extra memory for PDF output out of 74296 (max. 10000000)

